2024-09-05 11:12:29,647 HTTP Request: POST http://qdrant.ist.tugraz.at:6333/collections/powertrain/points/search "HTTP/1.1 200 OK"
2024-09-05 11:12:29,665 Evaluating Line 150025 with measurement: battery's current is zero and battery's voltage is fourteen and rotation speed of electric motor is five and mode of h-bridge is zero

2024-09-05 11:12:29,665 Using context: time is zero and battery's current is zero and battery's voltage is fourteen and rotation speed of electric motor is zero and mode of h-bridge is five
time is zero and battery's current is zero and battery's voltage is fourteen and rotation speed of electric motor is zero and mode of h-bridge is five
time is zero and battery's current is zero and battery's voltage is fourteen and rotation speed of electric motor is zero and mode of h-bridge is five
time is zero and battery's current is zero and battery's voltage is fourteen and rotation speed of electric motor is zero and mode of h-bridge is five
time is zero and battery's current is zero and battery's voltage is fourteen and rotation speed of electric motor is zero and mode of h-bridge is five
time is zero and battery's current is zero and battery's voltage is fourteen and rotation speed of electric motor is zero and mode of h-bridge is five
time is zero and battery's current is zero and battery's voltage is fourteen and rotation speed of electric motor is zero and mode of h-bridge is five
time is zero and battery's current is zero and battery's voltage is fourteen and rotation speed of electric motor is zero and mode of h-bridge is five
time is zero and battery's current is zero and battery's voltage is fourteen and rotation speed of electric motor is zero and mode of h-bridge is five
time is zero and battery's current is zero and battery's voltage is fourteen and rotation speed of electric motor is zero and mode of h-bridge is five


2024-09-05 11:12:31,230 Answer for Line 150025: ## Part 1: Infer Rules from Normal Battery Behavior

- **Battery: OK** (The battery voltage remains consistently at fourteen.)


## Part 2: Battery Fault Detection Based on Inferred Rules

```
component,fault,reason
battery,OK,The battery voltage is fourteen. 
``` 


2024-09-05 11:12:31,307 HTTP Request: POST http://qdrant.ist.tugraz.at:6333/collections/powertrain/points/search "HTTP/1.1 200 OK"
2024-09-05 11:12:31,324 Evaluating Line 150026 with measurement: battery's current is zero and battery's voltage is fourteen and rotation speed of electric motor is five and mode of h-bridge is zero

2024-09-05 11:12:31,324 Using context: time is zero and battery's current is zero and battery's voltage is fourteen and rotation speed of electric motor is zero and mode of h-bridge is five
time is zero and battery's current is zero and battery's voltage is fourteen and rotation speed of electric motor is zero and mode of h-bridge is five
time is zero and battery's current is zero and battery's voltage is fourteen and rotation speed of electric motor is zero and mode of h-bridge is five
time is zero and battery's current is zero and battery's voltage is fourteen and rotation speed of electric motor is zero and mode of h-bridge is five
time is zero and battery's current is zero and battery's voltage is fourteen and rotation speed of electric motor is zero and mode of h-bridge is five
time is zero and battery's current is zero and battery's voltage is fourteen and rotation speed of electric motor is zero and mode of h-bridge is five
time is zero and battery's current is zero and battery's voltage is fourteen and rotation speed of electric motor is zero and mode of h-bridge is five
time is zero and battery's current is zero and battery's voltage is fourteen and rotation speed of electric motor is zero and mode of h-bridge is five
time is zero and battery's current is zero and battery's voltage is fourteen and rotation speed of electric motor is zero and mode of h-bridge is five
time is zero and battery's current is zero and battery's voltage is fourteen and rotation speed of electric motor is zero and mode of h-bridge is five


2024-09-05 11:12:32,913 Answer for Line 150026: ## Part 1: Infer Rules from Normal Battery Behavior

- **Battery: OK** (The battery voltage remains consistently at fourteen.)


## Part 2: Battery Fault Detection Based on Inferred Rules

```
component,fault,reason
battery,OK,The battery voltage is fourteen. 
``` 


2024-09-05 11:12:32,984 HTTP Request: POST http://qdrant.ist.tugraz.at:6333/collections/powertrain/points/search "HTTP/1.1 200 OK"
2024-09-05 11:12:32,997 Evaluating Line 150027 with measurement: battery's current is zero and battery's voltage is fourteen and rotation speed of electric motor is five and mode of h-bridge is zero

2024-09-05 11:12:32,998 Using context: time is zero and battery's current is zero and battery's voltage is fourteen and rotation speed of electric motor is zero and mode of h-bridge is five
time is zero and battery's current is zero and battery's voltage is fourteen and rotation speed of electric motor is zero and mode of h-bridge is five
time is zero and battery's current is zero and battery's voltage is fourteen and rotation speed of electric motor is zero and mode of h-bridge is five
time is zero and battery's current is zero and battery's voltage is fourteen and rotation speed of electric motor is zero and mode of h-bridge is five
time is zero and battery's current is zero and battery's voltage is fourteen and rotation speed of electric motor is zero and mode of h-bridge is five
time is zero and battery's current is zero and battery's voltage is fourteen and rotation speed of electric motor is zero and mode of h-bridge is five
time is zero and battery's current is zero and battery's voltage is fourteen and rotation speed of electric motor is zero and mode of h-bridge is five
time is zero and battery's current is zero and battery's voltage is fourteen and rotation speed of electric motor is zero and mode of h-bridge is five
time is zero and battery's current is zero and battery's voltage is fourteen and rotation speed of electric motor is zero and mode of h-bridge is five
time is zero and battery's current is zero and battery's voltage is fourteen and rotation speed of electric motor is zero and mode of h-bridge is five


2024-09-05 11:12:34,552 Answer for Line 150027: ## Part 1: Infer Rules from Normal Battery Behavior

- **Battery: OK** (The battery voltage remains consistently at fourteen.)


## Part 2: Battery Fault Detection Based on Inferred Rules

```
component,fault,reason
battery,OK,The battery voltage is fourteen. 
``` 


2024-09-05 11:12:34,620 HTTP Request: POST http://qdrant.ist.tugraz.at:6333/collections/powertrain/points/search "HTTP/1.1 200 OK"
2024-09-05 11:12:34,636 Evaluating Line 150028 with measurement: battery's current is zero and battery's voltage is fourteen and rotation speed of electric motor is five and mode of h-bridge is zero

2024-09-05 11:12:34,636 Using context: time is zero and battery's current is zero and battery's voltage is fourteen and rotation speed of electric motor is zero and mode of h-bridge is five
time is zero and battery's current is zero and battery's voltage is fourteen and rotation speed of electric motor is zero and mode of h-bridge is five
time is zero and battery's current is zero and battery's voltage is fourteen and rotation speed of electric motor is zero and mode of h-bridge is five
time is zero and battery's current is zero and battery's voltage is fourteen and rotation speed of electric motor is zero and mode of h-bridge is five
time is zero and battery's current is zero and battery's voltage is fourteen and rotation speed of electric motor is zero and mode of h-bridge is five
time is zero and battery's current is zero and battery's voltage is fourteen and rotation speed of electric motor is zero and mode of h-bridge is five
time is zero and battery's current is zero and battery's voltage is fourteen and rotation speed of electric motor is zero and mode of h-bridge is five
time is zero and battery's current is zero and battery's voltage is fourteen and rotation speed of electric motor is zero and mode of h-bridge is five
time is zero and battery's current is zero and battery's voltage is fourteen and rotation speed of electric motor is zero and mode of h-bridge is five
time is zero and battery's current is zero and battery's voltage is fourteen and rotation speed of electric motor is zero and mode of h-bridge is five


2024-09-05 11:12:36,185 Answer for Line 150028: ## Part 1: Infer Rules from Normal Battery Behavior

- **Battery: OK** (The battery voltage remains consistently at fourteen.)


## Part 2: Battery Fault Detection Based on Inferred Rules

```
component,fault,reason
battery,OK,The battery voltage is fourteen. 
``` 


2024-09-05 11:12:36,255 HTTP Request: POST http://qdrant.ist.tugraz.at:6333/collections/powertrain/points/search "HTTP/1.1 200 OK"
2024-09-05 11:12:36,269 Evaluating Line 150029 with measurement: battery's current is zero and battery's voltage is fourteen and rotation speed of electric motor is five and mode of h-bridge is zero

2024-09-05 11:12:36,269 Using context: time is zero and battery's current is zero and battery's voltage is fourteen and rotation speed of electric motor is zero and mode of h-bridge is five
time is zero and battery's current is zero and battery's voltage is fourteen and rotation speed of electric motor is zero and mode of h-bridge is five
time is zero and battery's current is zero and battery's voltage is fourteen and rotation speed of electric motor is zero and mode of h-bridge is five
time is zero and battery's current is zero and battery's voltage is fourteen and rotation speed of electric motor is zero and mode of h-bridge is five
time is zero and battery's current is zero and battery's voltage is fourteen and rotation speed of electric motor is zero and mode of h-bridge is five
time is zero and battery's current is zero and battery's voltage is fourteen and rotation speed of electric motor is zero and mode of h-bridge is five
time is zero and battery's current is zero and battery's voltage is fourteen and rotation speed of electric motor is zero and mode of h-bridge is five
time is zero and battery's current is zero and battery's voltage is fourteen and rotation speed of electric motor is zero and mode of h-bridge is five
time is zero and battery's current is zero and battery's voltage is fourteen and rotation speed of electric motor is zero and mode of h-bridge is five
time is zero and battery's current is zero and battery's voltage is fourteen and rotation speed of electric motor is zero and mode of h-bridge is five


2024-09-05 11:12:37,794 Answer for Line 150029: ## Part 1: Infer Rules from Normal Battery Behavior

- **Battery: OK** (The battery voltage remains consistently at fourteen.)


## Part 2: Battery Fault Detection Based on Inferred Rules

```
component,fault,reason
battery,OK,The battery voltage is fourteen. 
``` 


2024-09-05 11:12:37,862 HTTP Request: POST http://qdrant.ist.tugraz.at:6333/collections/powertrain/points/search "HTTP/1.1 200 OK"
2024-09-05 11:12:37,877 Evaluating Line 150030 with measurement: battery's current is zero and battery's voltage is zero and rotation speed of electric motor is five and mode of h-bridge is zero

2024-09-05 11:12:37,877 Using context: time is zero and battery's current is zero and battery's voltage is fourteen and rotation speed of electric motor is zero and mode of h-bridge is five
time is zero and battery's current is zero and battery's voltage is fourteen and rotation speed of electric motor is zero and mode of h-bridge is five
time is zero and battery's current is zero and battery's voltage is fourteen and rotation speed of electric motor is zero and mode of h-bridge is five
time is zero and battery's current is zero and battery's voltage is fourteen and rotation speed of electric motor is zero and mode of h-bridge is five
time is zero and battery's current is zero and battery's voltage is fourteen and rotation speed of electric motor is zero and mode of h-bridge is five
time is zero and battery's current is zero and battery's voltage is fourteen and rotation speed of electric motor is zero and mode of h-bridge is five
time is zero and battery's current is zero and battery's voltage is fourteen and rotation speed of electric motor is zero and mode of h-bridge is five
time is zero and battery's current is zero and battery's voltage is fourteen and rotation speed of electric motor is zero and mode of h-bridge is five
time is zero and battery's current is zero and battery's voltage is fourteen and rotation speed of electric motor is zero and mode of h-bridge is five
time is zero and battery's current is zero and battery's voltage is fourteen and rotation speed of electric motor is zero and mode of h-bridge is five


2024-09-05 11:12:39,503 Answer for Line 150030: ## Part 1: Infer Rules from Normal Battery Behavior

- **Battery: OK** (The battery voltage consistently remains at fourteen.)


## Part 2: Battery Fault Detection Based on Inferred Rules

```
component,fault,reason
battery,Empty,The battery voltage is zero. 
``` 


2024-09-05 11:12:39,565 HTTP Request: POST http://qdrant.ist.tugraz.at:6333/collections/powertrain/points/search "HTTP/1.1 200 OK"
2024-09-05 11:12:39,581 Evaluating Line 150031 with measurement: battery's current is zero and battery's voltage is zero and rotation speed of electric motor is five and mode of h-bridge is zero

2024-09-05 11:12:39,582 Using context: time is zero and battery's current is zero and battery's voltage is fourteen and rotation speed of electric motor is zero and mode of h-bridge is five
time is zero and battery's current is zero and battery's voltage is fourteen and rotation speed of electric motor is zero and mode of h-bridge is five
time is zero and battery's current is zero and battery's voltage is fourteen and rotation speed of electric motor is zero and mode of h-bridge is five
time is zero and battery's current is zero and battery's voltage is fourteen and rotation speed of electric motor is zero and mode of h-bridge is five
time is zero and battery's current is zero and battery's voltage is fourteen and rotation speed of electric motor is zero and mode of h-bridge is five
time is zero and battery's current is zero and battery's voltage is fourteen and rotation speed of electric motor is zero and mode of h-bridge is five
time is zero and battery's current is zero and battery's voltage is fourteen and rotation speed of electric motor is zero and mode of h-bridge is five
time is zero and battery's current is zero and battery's voltage is fourteen and rotation speed of electric motor is zero and mode of h-bridge is five
time is zero and battery's current is zero and battery's voltage is fourteen and rotation speed of electric motor is zero and mode of h-bridge is five
time is zero and battery's current is zero and battery's voltage is fourteen and rotation speed of electric motor is zero and mode of h-bridge is five


2024-09-05 11:12:41,142 Answer for Line 150031: ## Part 1: Infer Rules from Normal Battery Behavior

- **Battery: OK** (The battery voltage consistently remains at fourteen.)


## Part 2: Battery Fault Detection Based on Inferred Rules

```
component,fault,reason
battery,Empty,The battery voltage is zero. 
``` 


2024-09-05 11:12:41,213 HTTP Request: POST http://qdrant.ist.tugraz.at:6333/collections/powertrain/points/search "HTTP/1.1 200 OK"
2024-09-05 11:12:41,225 Evaluating Line 150032 with measurement: battery's current is zero and battery's voltage is zero and rotation speed of electric motor is five and mode of h-bridge is zero

2024-09-05 11:12:41,225 Using context: time is zero and battery's current is zero and battery's voltage is fourteen and rotation speed of electric motor is zero and mode of h-bridge is five
time is zero and battery's current is zero and battery's voltage is fourteen and rotation speed of electric motor is zero and mode of h-bridge is five
time is zero and battery's current is zero and battery's voltage is fourteen and rotation speed of electric motor is zero and mode of h-bridge is five
time is zero and battery's current is zero and battery's voltage is fourteen and rotation speed of electric motor is zero and mode of h-bridge is five
time is zero and battery's current is zero and battery's voltage is fourteen and rotation speed of electric motor is zero and mode of h-bridge is five
time is zero and battery's current is zero and battery's voltage is fourteen and rotation speed of electric motor is zero and mode of h-bridge is five
time is zero and battery's current is zero and battery's voltage is fourteen and rotation speed of electric motor is zero and mode of h-bridge is five
time is zero and battery's current is zero and battery's voltage is fourteen and rotation speed of electric motor is zero and mode of h-bridge is five
time is zero and battery's current is zero and battery's voltage is fourteen and rotation speed of electric motor is zero and mode of h-bridge is five
time is zero and battery's current is zero and battery's voltage is fourteen and rotation speed of electric motor is zero and mode of h-bridge is five


2024-09-05 11:12:42,765 Answer for Line 150032: ## Part 1: Infer Rules from Normal Battery Behavior

- **Battery: OK** (The battery voltage consistently remains at fourteen.)


## Part 2: Battery Fault Detection Based on Inferred Rules

```
component,fault,reason
battery,Empty,The battery voltage is zero. 
``` 


2024-09-05 11:12:42,844 HTTP Request: POST http://qdrant.ist.tugraz.at:6333/collections/powertrain/points/search "HTTP/1.1 200 OK"
2024-09-05 11:12:42,859 Evaluating Line 150033 with measurement: battery's current is zero and battery's voltage is zero and rotation speed of electric motor is five and mode of h-bridge is zero

2024-09-05 11:12:42,859 Using context: time is zero and battery's current is zero and battery's voltage is fourteen and rotation speed of electric motor is zero and mode of h-bridge is five
time is zero and battery's current is zero and battery's voltage is fourteen and rotation speed of electric motor is zero and mode of h-bridge is five
time is zero and battery's current is zero and battery's voltage is fourteen and rotation speed of electric motor is zero and mode of h-bridge is five
time is zero and battery's current is zero and battery's voltage is fourteen and rotation speed of electric motor is zero and mode of h-bridge is five
time is zero and battery's current is zero and battery's voltage is fourteen and rotation speed of electric motor is zero and mode of h-bridge is five
time is zero and battery's current is zero and battery's voltage is fourteen and rotation speed of electric motor is zero and mode of h-bridge is five
time is zero and battery's current is zero and battery's voltage is fourteen and rotation speed of electric motor is zero and mode of h-bridge is five
time is zero and battery's current is zero and battery's voltage is fourteen and rotation speed of electric motor is zero and mode of h-bridge is five
time is zero and battery's current is zero and battery's voltage is fourteen and rotation speed of electric motor is zero and mode of h-bridge is five
time is zero and battery's current is zero and battery's voltage is fourteen and rotation speed of electric motor is zero and mode of h-bridge is five


2024-09-05 11:12:44,380 Answer for Line 150033: ## Part 1: Infer Rules from Normal Battery Behavior

- **Battery: OK** (The battery voltage consistently remains at fourteen.)


## Part 2: Battery Fault Detection Based on Inferred Rules

```
component,fault,reason
battery,Empty,The battery voltage is zero. 
``` 


2024-09-05 11:12:44,448 HTTP Request: POST http://qdrant.ist.tugraz.at:6333/collections/powertrain/points/search "HTTP/1.1 200 OK"
2024-09-05 11:12:44,462 Evaluating Line 150034 with measurement: battery's current is zero and battery's voltage is zero and rotation speed of electric motor is five and mode of h-bridge is zero

2024-09-05 11:12:44,462 Using context: time is zero and battery's current is zero and battery's voltage is fourteen and rotation speed of electric motor is zero and mode of h-bridge is five
time is zero and battery's current is zero and battery's voltage is fourteen and rotation speed of electric motor is zero and mode of h-bridge is five
time is zero and battery's current is zero and battery's voltage is fourteen and rotation speed of electric motor is zero and mode of h-bridge is five
time is zero and battery's current is zero and battery's voltage is fourteen and rotation speed of electric motor is zero and mode of h-bridge is five
time is zero and battery's current is zero and battery's voltage is fourteen and rotation speed of electric motor is zero and mode of h-bridge is five
time is zero and battery's current is zero and battery's voltage is fourteen and rotation speed of electric motor is zero and mode of h-bridge is five
time is zero and battery's current is zero and battery's voltage is fourteen and rotation speed of electric motor is zero and mode of h-bridge is five
time is zero and battery's current is zero and battery's voltage is fourteen and rotation speed of electric motor is zero and mode of h-bridge is five
time is zero and battery's current is zero and battery's voltage is fourteen and rotation speed of electric motor is zero and mode of h-bridge is five
time is zero and battery's current is zero and battery's voltage is fourteen and rotation speed of electric motor is zero and mode of h-bridge is five


2024-09-05 11:12:46,054 Answer for Line 150034: ## Part 1: Infer Rules from Normal Battery Behavior

- **Battery: OK** (The battery voltage consistently remains at fourteen.)


## Part 2: Battery Fault Detection Based on Inferred Rules

```
component,fault,reason
battery,Empty,The battery voltage is zero. 
``` 


