2024-09-05 11:15:15,044 HTTP Request: POST http://qdrant.ist.tugraz.at:6333/collections/powertrain/points/search "HTTP/1.1 200 OK"
2024-09-05 11:15:15,048 Evaluating Line 150025 with measurement: battery's current is zero and battery's voltage is fourteen and rotation speed of electric motor is five and mode of h-bridge is zero

2024-09-05 11:15:15,048 Using context: time is zero and battery's current is zero and battery's voltage is fourteen and rotation speed of electric motor is zero and mode of h-bridge is five
time is zero and battery's current is zero and battery's voltage is fourteen and rotation speed of electric motor is zero and mode of h-bridge is five
time is zero and battery's current is zero and battery's voltage is fourteen and rotation speed of electric motor is zero and mode of h-bridge is five
time is zero and battery's current is zero and battery's voltage is fourteen and rotation speed of electric motor is zero and mode of h-bridge is five
time is zero and battery's current is zero and battery's voltage is fourteen and rotation speed of electric motor is zero and mode of h-bridge is five
time is zero and battery's current is zero and battery's voltage is fourteen and rotation speed of electric motor is zero and mode of h-bridge is five
time is zero and battery's current is zero and battery's voltage is fourteen and rotation speed of electric motor is zero and mode of h-bridge is five
time is zero and battery's current is zero and battery's voltage is fourteen and rotation speed of electric motor is zero and mode of h-bridge is five
time is zero and battery's current is zero and battery's voltage is fourteen and rotation speed of electric motor is zero and mode of h-bridge is five
time is zero and battery's current is zero and battery's voltage is fourteen and rotation speed of electric motor is zero and mode of h-bridge is five


2024-09-05 11:15:17,734 Answer for Line 150025: **Part 1: Infer Rules from Normal Battery Behavior**

Based on the provided time series data, where the battery voltage remains consistently at 14V, we can infer the following rule:

- Battery: OK (the battery voltage remains stable)

So, in the structured format:

battery,OK,The battery voltage remains stable

**Part 2: Battery Fault Detection Based on Inferred Rules**

Given the input data with a battery voltage of 14V, according to our inferred rule, we can determine that:

- Battery: OK (the battery voltage is not zero)

In the structured format:

battery,OK,The battery voltage is not zero

2024-09-05 11:15:17,805 HTTP Request: POST http://qdrant.ist.tugraz.at:6333/collections/powertrain/points/search "HTTP/1.1 200 OK"
2024-09-05 11:15:17,806 Evaluating Line 150026 with measurement: battery's current is zero and battery's voltage is fourteen and rotation speed of electric motor is five and mode of h-bridge is zero

2024-09-05 11:15:17,806 Using context: time is zero and battery's current is zero and battery's voltage is fourteen and rotation speed of electric motor is zero and mode of h-bridge is five
time is zero and battery's current is zero and battery's voltage is fourteen and rotation speed of electric motor is zero and mode of h-bridge is five
time is zero and battery's current is zero and battery's voltage is fourteen and rotation speed of electric motor is zero and mode of h-bridge is five
time is zero and battery's current is zero and battery's voltage is fourteen and rotation speed of electric motor is zero and mode of h-bridge is five
time is zero and battery's current is zero and battery's voltage is fourteen and rotation speed of electric motor is zero and mode of h-bridge is five
time is zero and battery's current is zero and battery's voltage is fourteen and rotation speed of electric motor is zero and mode of h-bridge is five
time is zero and battery's current is zero and battery's voltage is fourteen and rotation speed of electric motor is zero and mode of h-bridge is five
time is zero and battery's current is zero and battery's voltage is fourteen and rotation speed of electric motor is zero and mode of h-bridge is five
time is zero and battery's current is zero and battery's voltage is fourteen and rotation speed of electric motor is zero and mode of h-bridge is five
time is zero and battery's current is zero and battery's voltage is fourteen and rotation speed of electric motor is zero and mode of h-bridge is five


2024-09-05 11:15:20,464 Answer for Line 150026: **Part 1: Infer Rules from Normal Battery Behavior**

Based on the provided data, where the battery voltage remains consistently at 14V over time, we can infer the following rule:

- Battery: OK (the battery voltage remains stable)

So, in the structured format:

battery,OK,The battery voltage remains stable

**Part 2: Battery Fault Detection Based on Inferred Rules**

Given the test data with a battery voltage of 14V, which matches our inferred rule for normal behavior, we can conclude that:

- Battery: OK (the battery voltage is not zero)

In the structured format:

battery,OK,The battery voltage is not zero

2024-09-05 11:15:20,525 HTTP Request: POST http://qdrant.ist.tugraz.at:6333/collections/powertrain/points/search "HTTP/1.1 200 OK"
2024-09-05 11:15:20,526 Evaluating Line 150027 with measurement: battery's current is zero and battery's voltage is fourteen and rotation speed of electric motor is five and mode of h-bridge is zero

2024-09-05 11:15:20,527 Using context: time is zero and battery's current is zero and battery's voltage is fourteen and rotation speed of electric motor is zero and mode of h-bridge is five
time is zero and battery's current is zero and battery's voltage is fourteen and rotation speed of electric motor is zero and mode of h-bridge is five
time is zero and battery's current is zero and battery's voltage is fourteen and rotation speed of electric motor is zero and mode of h-bridge is five
time is zero and battery's current is zero and battery's voltage is fourteen and rotation speed of electric motor is zero and mode of h-bridge is five
time is zero and battery's current is zero and battery's voltage is fourteen and rotation speed of electric motor is zero and mode of h-bridge is five
time is zero and battery's current is zero and battery's voltage is fourteen and rotation speed of electric motor is zero and mode of h-bridge is five
time is zero and battery's current is zero and battery's voltage is fourteen and rotation speed of electric motor is zero and mode of h-bridge is five
time is zero and battery's current is zero and battery's voltage is fourteen and rotation speed of electric motor is zero and mode of h-bridge is five
time is zero and battery's current is zero and battery's voltage is fourteen and rotation speed of electric motor is zero and mode of h-bridge is five
time is zero and battery's current is zero and battery's voltage is fourteen and rotation speed of electric motor is zero and mode of h-bridge is five


2024-09-05 11:15:23,251 Answer for Line 150027: **Part 1: Infer Rules from Normal Battery Behavior**

Based on the provided data, where the battery voltage remains consistently at 14V over time, we can infer the following rule:

- Battery: OK (the battery voltage remains stable)

So, in the structured format:

battery,OK,The battery voltage remains stable

**Part 2: Battery Fault Detection Based on Inferred Rules**

Given the test data with a battery voltage of 14V, which matches our inferred rule for normal behavior, we can conclude that:

- Battery: OK (the battery voltage is not zero)

In the structured format:

battery,OK,The battery voltage is not zero

2024-09-05 11:15:23,321 HTTP Request: POST http://qdrant.ist.tugraz.at:6333/collections/powertrain/points/search "HTTP/1.1 200 OK"
2024-09-05 11:15:23,323 Evaluating Line 150028 with measurement: battery's current is zero and battery's voltage is fourteen and rotation speed of electric motor is five and mode of h-bridge is zero

2024-09-05 11:15:23,323 Using context: time is zero and battery's current is zero and battery's voltage is fourteen and rotation speed of electric motor is zero and mode of h-bridge is five
time is zero and battery's current is zero and battery's voltage is fourteen and rotation speed of electric motor is zero and mode of h-bridge is five
time is zero and battery's current is zero and battery's voltage is fourteen and rotation speed of electric motor is zero and mode of h-bridge is five
time is zero and battery's current is zero and battery's voltage is fourteen and rotation speed of electric motor is zero and mode of h-bridge is five
time is zero and battery's current is zero and battery's voltage is fourteen and rotation speed of electric motor is zero and mode of h-bridge is five
time is zero and battery's current is zero and battery's voltage is fourteen and rotation speed of electric motor is zero and mode of h-bridge is five
time is zero and battery's current is zero and battery's voltage is fourteen and rotation speed of electric motor is zero and mode of h-bridge is five
time is zero and battery's current is zero and battery's voltage is fourteen and rotation speed of electric motor is zero and mode of h-bridge is five
time is zero and battery's current is zero and battery's voltage is fourteen and rotation speed of electric motor is zero and mode of h-bridge is five
time is zero and battery's current is zero and battery's voltage is fourteen and rotation speed of electric motor is zero and mode of h-bridge is five


2024-09-05 11:15:26,005 Answer for Line 150028: **Part 1: Infer Rules from Normal Battery Behavior**

Based on the provided data, where the battery voltage remains consistently at 14V over time, we can infer the following rule:

- Battery: OK (the battery voltage remains stable)

So, in the structured format:

battery,OK,The battery voltage remains stable

**Part 2: Battery Fault Detection Based on Inferred Rules**

Given the test data with a battery voltage of 14V, which matches our inferred rule for normal behavior, we can conclude that:

- Battery: OK (the battery voltage is not zero)

In the structured format:

battery,OK,The battery voltage is not zero

2024-09-05 11:15:26,072 HTTP Request: POST http://qdrant.ist.tugraz.at:6333/collections/powertrain/points/search "HTTP/1.1 200 OK"
2024-09-05 11:15:26,073 Evaluating Line 150029 with measurement: battery's current is zero and battery's voltage is fourteen and rotation speed of electric motor is five and mode of h-bridge is zero

2024-09-05 11:15:26,074 Using context: time is zero and battery's current is zero and battery's voltage is fourteen and rotation speed of electric motor is zero and mode of h-bridge is five
time is zero and battery's current is zero and battery's voltage is fourteen and rotation speed of electric motor is zero and mode of h-bridge is five
time is zero and battery's current is zero and battery's voltage is fourteen and rotation speed of electric motor is zero and mode of h-bridge is five
time is zero and battery's current is zero and battery's voltage is fourteen and rotation speed of electric motor is zero and mode of h-bridge is five
time is zero and battery's current is zero and battery's voltage is fourteen and rotation speed of electric motor is zero and mode of h-bridge is five
time is zero and battery's current is zero and battery's voltage is fourteen and rotation speed of electric motor is zero and mode of h-bridge is five
time is zero and battery's current is zero and battery's voltage is fourteen and rotation speed of electric motor is zero and mode of h-bridge is five
time is zero and battery's current is zero and battery's voltage is fourteen and rotation speed of electric motor is zero and mode of h-bridge is five
time is zero and battery's current is zero and battery's voltage is fourteen and rotation speed of electric motor is zero and mode of h-bridge is five
time is zero and battery's current is zero and battery's voltage is fourteen and rotation speed of electric motor is zero and mode of h-bridge is five


2024-09-05 11:15:28,752 Answer for Line 150029: **Part 1: Infer Rules from Normal Battery Behavior**

Based on the provided data, where the battery voltage remains consistently at 14V over time, we can infer the following rule:

- Battery: OK (the battery voltage remains stable)

So, in the structured format:

battery,OK,The battery voltage remains stable

**Part 2: Battery Fault Detection Based on Inferred Rules**

Given the test data with a battery voltage of 14V, which matches our inferred rule for normal behavior, we can conclude that:

- Battery: OK (the battery voltage is not zero)

In the structured format:

battery,OK,The battery voltage is not zero

2024-09-05 11:15:28,823 HTTP Request: POST http://qdrant.ist.tugraz.at:6333/collections/powertrain/points/search "HTTP/1.1 200 OK"
2024-09-05 11:15:28,824 Evaluating Line 150030 with measurement: battery's current is zero and battery's voltage is zero and rotation speed of electric motor is five and mode of h-bridge is zero

2024-09-05 11:15:28,824 Using context: time is zero and battery's current is zero and battery's voltage is fourteen and rotation speed of electric motor is zero and mode of h-bridge is five
time is zero and battery's current is zero and battery's voltage is fourteen and rotation speed of electric motor is zero and mode of h-bridge is five
time is zero and battery's current is zero and battery's voltage is fourteen and rotation speed of electric motor is zero and mode of h-bridge is five
time is zero and battery's current is zero and battery's voltage is fourteen and rotation speed of electric motor is zero and mode of h-bridge is five
time is zero and battery's current is zero and battery's voltage is fourteen and rotation speed of electric motor is zero and mode of h-bridge is five
time is zero and battery's current is zero and battery's voltage is fourteen and rotation speed of electric motor is zero and mode of h-bridge is five
time is zero and battery's current is zero and battery's voltage is fourteen and rotation speed of electric motor is zero and mode of h-bridge is five
time is zero and battery's current is zero and battery's voltage is fourteen and rotation speed of electric motor is zero and mode of h-bridge is five
time is zero and battery's current is zero and battery's voltage is fourteen and rotation speed of electric motor is zero and mode of h-bridge is five
time is zero and battery's current is zero and battery's voltage is fourteen and rotation speed of electric motor is zero and mode of h-bridge is five


2024-09-05 11:15:30,761 Answer for Line 150030: **Part 1: Infer Rules from Normal Battery Behavior**

Based on the provided data, where the battery voltage remains consistently at 14V over time, we can infer the following rule:

- Battery: OK (the battery voltage remains stable)

**Part 2: Battery Fault Detection Based on Inferred Rules**

Applying the inferred rule to the test data, where the battery voltage is 0V:

- battery,Empty,Battery Voltage = 0

2024-09-05 11:15:30,823 HTTP Request: POST http://qdrant.ist.tugraz.at:6333/collections/powertrain/points/search "HTTP/1.1 200 OK"
2024-09-05 11:15:30,823 Evaluating Line 150031 with measurement: battery's current is zero and battery's voltage is zero and rotation speed of electric motor is five and mode of h-bridge is zero

2024-09-05 11:15:30,823 Using context: time is zero and battery's current is zero and battery's voltage is fourteen and rotation speed of electric motor is zero and mode of h-bridge is five
time is zero and battery's current is zero and battery's voltage is fourteen and rotation speed of electric motor is zero and mode of h-bridge is five
time is zero and battery's current is zero and battery's voltage is fourteen and rotation speed of electric motor is zero and mode of h-bridge is five
time is zero and battery's current is zero and battery's voltage is fourteen and rotation speed of electric motor is zero and mode of h-bridge is five
time is zero and battery's current is zero and battery's voltage is fourteen and rotation speed of electric motor is zero and mode of h-bridge is five
time is zero and battery's current is zero and battery's voltage is fourteen and rotation speed of electric motor is zero and mode of h-bridge is five
time is zero and battery's current is zero and battery's voltage is fourteen and rotation speed of electric motor is zero and mode of h-bridge is five
time is zero and battery's current is zero and battery's voltage is fourteen and rotation speed of electric motor is zero and mode of h-bridge is five
time is zero and battery's current is zero and battery's voltage is fourteen and rotation speed of electric motor is zero and mode of h-bridge is five
time is zero and battery's current is zero and battery's voltage is fourteen and rotation speed of electric motor is zero and mode of h-bridge is five


2024-09-05 11:15:33,468 Answer for Line 150031: **Part 1: Infer Rules from Normal Battery Behavior**

Based on the provided time series data, where the battery voltage remains consistently at 14V over time, we can infer the following rule:

- Battery: OK (the battery voltage remains stable)

So, in the structured format:

battery,OK,The battery voltage remains stable

**Part 2: Battery Fault Detection Based on Inferred Rules**

Given the input data with a battery voltage of 0V, and applying our inferred rule strictly, we can determine that:

- Battery: Empty (the battery provides no voltage)

So, in the structured format:

battery,Empty,The battery provides no voltage

2024-09-05 11:15:33,526 HTTP Request: POST http://qdrant.ist.tugraz.at:6333/collections/powertrain/points/search "HTTP/1.1 200 OK"
2024-09-05 11:15:33,527 Evaluating Line 150032 with measurement: battery's current is zero and battery's voltage is zero and rotation speed of electric motor is five and mode of h-bridge is zero

2024-09-05 11:15:33,527 Using context: time is zero and battery's current is zero and battery's voltage is fourteen and rotation speed of electric motor is zero and mode of h-bridge is five
time is zero and battery's current is zero and battery's voltage is fourteen and rotation speed of electric motor is zero and mode of h-bridge is five
time is zero and battery's current is zero and battery's voltage is fourteen and rotation speed of electric motor is zero and mode of h-bridge is five
time is zero and battery's current is zero and battery's voltage is fourteen and rotation speed of electric motor is zero and mode of h-bridge is five
time is zero and battery's current is zero and battery's voltage is fourteen and rotation speed of electric motor is zero and mode of h-bridge is five
time is zero and battery's current is zero and battery's voltage is fourteen and rotation speed of electric motor is zero and mode of h-bridge is five
time is zero and battery's current is zero and battery's voltage is fourteen and rotation speed of electric motor is zero and mode of h-bridge is five
time is zero and battery's current is zero and battery's voltage is fourteen and rotation speed of electric motor is zero and mode of h-bridge is five
time is zero and battery's current is zero and battery's voltage is fourteen and rotation speed of electric motor is zero and mode of h-bridge is five
time is zero and battery's current is zero and battery's voltage is fourteen and rotation speed of electric motor is zero and mode of h-bridge is five


2024-09-05 11:15:36,230 Answer for Line 150032: **Part 1: Infer Rules from Normal Battery Behavior**

Based on the provided time series data, where the battery voltage remains consistently at 14V over time, we can infer the following rule:

- Battery: OK (the battery voltage remains stable)

So, in the structured format:

battery,OK,The battery voltage remains stable

**Part 2: Battery Fault Detection Based on Inferred Rules**

Given the input data with a battery voltage of 0V, and applying our inferred rule strictly, we can determine that:

- Battery: Empty (the battery provides no voltage)

So, in the structured format:

battery,Empty,The battery provides no voltage

2024-09-05 11:15:36,302 HTTP Request: POST http://qdrant.ist.tugraz.at:6333/collections/powertrain/points/search "HTTP/1.1 200 OK"
2024-09-05 11:15:36,303 Evaluating Line 150033 with measurement: battery's current is zero and battery's voltage is zero and rotation speed of electric motor is five and mode of h-bridge is zero

2024-09-05 11:15:36,303 Using context: time is zero and battery's current is zero and battery's voltage is fourteen and rotation speed of electric motor is zero and mode of h-bridge is five
time is zero and battery's current is zero and battery's voltage is fourteen and rotation speed of electric motor is zero and mode of h-bridge is five
time is zero and battery's current is zero and battery's voltage is fourteen and rotation speed of electric motor is zero and mode of h-bridge is five
time is zero and battery's current is zero and battery's voltage is fourteen and rotation speed of electric motor is zero and mode of h-bridge is five
time is zero and battery's current is zero and battery's voltage is fourteen and rotation speed of electric motor is zero and mode of h-bridge is five
time is zero and battery's current is zero and battery's voltage is fourteen and rotation speed of electric motor is zero and mode of h-bridge is five
time is zero and battery's current is zero and battery's voltage is fourteen and rotation speed of electric motor is zero and mode of h-bridge is five
time is zero and battery's current is zero and battery's voltage is fourteen and rotation speed of electric motor is zero and mode of h-bridge is five
time is zero and battery's current is zero and battery's voltage is fourteen and rotation speed of electric motor is zero and mode of h-bridge is five
time is zero and battery's current is zero and battery's voltage is fourteen and rotation speed of electric motor is zero and mode of h-bridge is five


2024-09-05 11:15:38,975 Answer for Line 150033: **Part 1: Infer Rules from Normal Battery Behavior**

Based on the provided time series data, where the battery voltage remains consistently at 14V over time, we can infer the following rule:

- Battery: OK (the battery voltage remains stable)

So, in the structured format:

battery,OK,The battery voltage remains stable

**Part 2: Battery Fault Detection Based on Inferred Rules**

Given the input data with a battery voltage of 0V, and applying our inferred rule strictly, we can determine that:

- Battery: Empty (the battery provides no voltage)

So, in the structured format:

battery,Empty,The battery provides no voltage

2024-09-05 11:15:39,039 HTTP Request: POST http://qdrant.ist.tugraz.at:6333/collections/powertrain/points/search "HTTP/1.1 200 OK"
2024-09-05 11:15:39,040 Evaluating Line 150034 with measurement: battery's current is zero and battery's voltage is zero and rotation speed of electric motor is five and mode of h-bridge is zero

2024-09-05 11:15:39,040 Using context: time is zero and battery's current is zero and battery's voltage is fourteen and rotation speed of electric motor is zero and mode of h-bridge is five
time is zero and battery's current is zero and battery's voltage is fourteen and rotation speed of electric motor is zero and mode of h-bridge is five
time is zero and battery's current is zero and battery's voltage is fourteen and rotation speed of electric motor is zero and mode of h-bridge is five
time is zero and battery's current is zero and battery's voltage is fourteen and rotation speed of electric motor is zero and mode of h-bridge is five
time is zero and battery's current is zero and battery's voltage is fourteen and rotation speed of electric motor is zero and mode of h-bridge is five
time is zero and battery's current is zero and battery's voltage is fourteen and rotation speed of electric motor is zero and mode of h-bridge is five
time is zero and battery's current is zero and battery's voltage is fourteen and rotation speed of electric motor is zero and mode of h-bridge is five
time is zero and battery's current is zero and battery's voltage is fourteen and rotation speed of electric motor is zero and mode of h-bridge is five
time is zero and battery's current is zero and battery's voltage is fourteen and rotation speed of electric motor is zero and mode of h-bridge is five
time is zero and battery's current is zero and battery's voltage is fourteen and rotation speed of electric motor is zero and mode of h-bridge is five


2024-09-05 11:15:41,676 Answer for Line 150034: **Part 1: Infer Rules from Normal Battery Behavior**

Based on the provided time series data, where the battery voltage remains consistently at 14V over time, we can infer the following rule:

- Battery: OK (the battery voltage remains stable)

So, in the structured format:

battery,OK,The battery voltage remains stable

**Part 2: Battery Fault Detection Based on Inferred Rules**

Given the input data with a battery voltage of 0V, and applying our inferred rule strictly, we can determine that:

- Battery: Empty (the battery provides no voltage)

So, in the structured format:

battery,Empty,The battery provides no voltage

