2024-09-04 12:23:15,155 HTTP Request: POST http://qdrant.ist.tugraz.at:6333/collections/powertrain/points/search "HTTP/1.1 200 OK"
2024-09-04 12:23:15,172 Evaluating Line 150020 with measurement: battery's current is zero and battery's voltage is fourteen and rotation speed of electric motor is five and mode of h-bridge is zero

2024-09-04 12:23:15,172 Using context: time is zero and battery's current is zero and battery's voltage is fourteen and rotation speed of electric motor is zero and mode of h-bridge is five
time is zero and battery's current is zero and battery's voltage is fourteen and rotation speed of electric motor is zero and mode of h-bridge is five
time is zero and battery's current is zero and battery's voltage is fourteen and rotation speed of electric motor is zero and mode of h-bridge is five
time is zero and battery's current is zero and battery's voltage is fourteen and rotation speed of electric motor is zero and mode of h-bridge is five
time is zero and battery's current is zero and battery's voltage is fourteen and rotation speed of electric motor is zero and mode of h-bridge is five
time is zero and battery's current is zero and battery's voltage is fourteen and rotation speed of electric motor is zero and mode of h-bridge is five
time is zero and battery's current is zero and battery's voltage is fourteen and rotation speed of electric motor is zero and mode of h-bridge is five
time is zero and battery's current is zero and battery's voltage is fourteen and rotation speed of electric motor is zero and mode of h-bridge is five
time is zero and battery's current is zero and battery's voltage is fourteen and rotation speed of electric motor is zero and mode of h-bridge is five
time is zero and battery's current is zero and battery's voltage is fourteen and rotation speed of electric motor is zero and mode of h-bridge is five


2024-09-04 12:23:35,468 Answer for Line 150020: ### Part 1: Infer Rules from Normal Behavior

Based on the provided time series data representing normal operation behavior, we can infer the following rules:

- **Battery Current:** Expected value is zero.
- **Battery Voltage:** Expected value is fourteen.
- **Motor Speed:** Expected value is zero.
- **H-Bridge Mode:** Expected value is five.

### Part 2: Fault Detection Based on Inferred Rules

Given the inferred rules and the fault models, let's apply them to the provided time series data for fault detection:

**Input Data:**
battery's current is zero and battery's voltage is fourteen and rotation speed of electric motor is five and mode of h-bridge is zero

1. **Battery Current:** Expected value is zero, which matches the input data.
2. **Battery Voltage:** Expected value is fourteen, which matches the input data.
3. **Motor Speed:** Expected value is zero, but the input data shows a speed of five. This deviation indicates an issue with the motor's behavior.
4. **H-Bridge Mode:** Expected value is five, but the input data shows a mode of zero. According to the fault models, this corresponds to H-Bridge F3 (Always stops the motor).

### Fault Report:

- **Fault Detected:** yes
- **Affected Components:** Motor, H-Bridge
- **Fault Types:** Motor Broken, H-Bridge F3
- **Explanation:** The motor's speed is not zero as expected, indicating it might be broken. The H-Bridge mode of zero indicates it always stops the motor, which corresponds to fault type F3.

Note: Although the motor's behavior deviates from normal (it should have a speed of zero), based on the provided data and fault models, we can only conclude that it behaves like "Motor Broken" due to the lack of current flow or any other specific indication of short circuits or resistance/inductance issues.

2024-09-04 12:23:35,541 HTTP Request: POST http://qdrant.ist.tugraz.at:6333/collections/powertrain/points/search "HTTP/1.1 200 OK"
2024-09-04 12:23:35,554 Evaluating Line 150021 with measurement: battery's current is zero and battery's voltage is fourteen and rotation speed of electric motor is five and mode of h-bridge is zero

2024-09-04 12:23:35,554 Using context: time is zero and battery's current is zero and battery's voltage is fourteen and rotation speed of electric motor is zero and mode of h-bridge is five
time is zero and battery's current is zero and battery's voltage is fourteen and rotation speed of electric motor is zero and mode of h-bridge is five
time is zero and battery's current is zero and battery's voltage is fourteen and rotation speed of electric motor is zero and mode of h-bridge is five
time is zero and battery's current is zero and battery's voltage is fourteen and rotation speed of electric motor is zero and mode of h-bridge is five
time is zero and battery's current is zero and battery's voltage is fourteen and rotation speed of electric motor is zero and mode of h-bridge is five
time is zero and battery's current is zero and battery's voltage is fourteen and rotation speed of electric motor is zero and mode of h-bridge is five
time is zero and battery's current is zero and battery's voltage is fourteen and rotation speed of electric motor is zero and mode of h-bridge is five
time is zero and battery's current is zero and battery's voltage is fourteen and rotation speed of electric motor is zero and mode of h-bridge is five
time is zero and battery's current is zero and battery's voltage is fourteen and rotation speed of electric motor is zero and mode of h-bridge is five
time is zero and battery's current is zero and battery's voltage is fourteen and rotation speed of electric motor is zero and mode of h-bridge is five


2024-09-04 12:23:46,373 Answer for Line 150021: ### Part 1: Infer Rules from Normal Behavior

Based on the provided time series data representing normal operation behavior, we can infer the following rules:

- **Battery Current:** Expected value is zero.
- **Battery Voltage:** Expected value is fourteen.
- **Motor Speed:** Expected value is zero.
- **H-Bridge Mode:** Expected value is five.

### Part 2: Fault Detection Based on Inferred Rules

Given the inferred rules and the fault models, let's apply them to the provided time series data for fault detection:

**Input Data:**
battery's current is zero and battery's voltage is fourteen and rotation speed of electric motor is five and mode of h-bridge is zero

1. **Battery Current:** Expected value is zero, which matches the input data.
2. **Battery Voltage:** Expected value is fourteen, which matches the input data.
3. **Motor Speed:** Expected value is zero, but the input data shows a speed of five. This deviation indicates an issue with the motor's behavior.
4. **H-Bridge Mode:** Expected value is five, but the input data shows a mode of zero. According to the fault models, this corresponds to H-Bridge F3 (Always stops the motor).

### Fault Report:

- **Fault Detected:** yes
- **Affected Components:** Motor, H-Bridge
- **Fault Types:** Motor Broken, H-Bridge F3
- **Explanation:** The motor's speed is not zero as expected, indicating it might be broken. The H-Bridge mode of zero indicates it always stops the motor, which corresponds to fault type F3.

Note: Although the motor's behavior deviates from normal, strictly speaking, we can only confirm a "Motor Broken" condition based on the provided data and inferred rules.

2024-09-04 12:23:46,443 HTTP Request: POST http://qdrant.ist.tugraz.at:6333/collections/powertrain/points/search "HTTP/1.1 200 OK"
2024-09-04 12:23:46,457 Evaluating Line 150022 with measurement: battery's current is zero and battery's voltage is fourteen and rotation speed of electric motor is five and mode of h-bridge is zero

2024-09-04 12:23:46,458 Using context: time is zero and battery's current is zero and battery's voltage is fourteen and rotation speed of electric motor is zero and mode of h-bridge is five
time is zero and battery's current is zero and battery's voltage is fourteen and rotation speed of electric motor is zero and mode of h-bridge is five
time is zero and battery's current is zero and battery's voltage is fourteen and rotation speed of electric motor is zero and mode of h-bridge is five
time is zero and battery's current is zero and battery's voltage is fourteen and rotation speed of electric motor is zero and mode of h-bridge is five
time is zero and battery's current is zero and battery's voltage is fourteen and rotation speed of electric motor is zero and mode of h-bridge is five
time is zero and battery's current is zero and battery's voltage is fourteen and rotation speed of electric motor is zero and mode of h-bridge is five
time is zero and battery's current is zero and battery's voltage is fourteen and rotation speed of electric motor is zero and mode of h-bridge is five
time is zero and battery's current is zero and battery's voltage is fourteen and rotation speed of electric motor is zero and mode of h-bridge is five
time is zero and battery's current is zero and battery's voltage is fourteen and rotation speed of electric motor is zero and mode of h-bridge is five
time is zero and battery's current is zero and battery's voltage is fourteen and rotation speed of electric motor is zero and mode of h-bridge is five


2024-09-04 12:23:57,281 Answer for Line 150022: ### Part 1: Infer Rules from Normal Behavior

Based on the provided time series data representing normal operation behavior, we can infer the following rules:

- **Battery Current:** Expected value is zero.
- **Battery Voltage:** Expected value is fourteen.
- **Motor Speed:** Expected value is zero.
- **H-Bridge Mode:** Expected value is five.

### Part 2: Fault Detection Based on Inferred Rules

Given the inferred rules and the fault models, let's apply them to the provided time series data for fault detection:

**Input Data:**
battery's current is zero and battery's voltage is fourteen and rotation speed of electric motor is five and mode of h-bridge is zero

1. **Battery Current:** Expected value is zero, which matches the input data.
2. **Battery Voltage:** Expected value is fourteen, which matches the input data.
3. **Motor Speed:** Expected value is zero, but the input data shows a speed of five. This deviation indicates an issue with the motor's behavior.
4. **H-Bridge Mode:** Expected value is five, but the input data shows a mode of zero. According to the fault models, this corresponds to H-Bridge F3 (Always stops the motor).

### Fault Report:

- **Fault Detected:** yes
- **Affected Components:** Motor, H-Bridge
- **Fault Types:** Motor Broken, H-Bridge F3
- **Explanation:** The motor's speed is not zero as expected, indicating it might be broken. The H-Bridge mode of zero indicates it always stops the motor, which corresponds to fault type F3.

Note: Although the motor's behavior deviates from normal, strictly speaking, we can only confirm a "Motor Broken" condition based on the provided data and inferred rules.

2024-09-04 12:23:57,353 HTTP Request: POST http://qdrant.ist.tugraz.at:6333/collections/powertrain/points/search "HTTP/1.1 200 OK"
2024-09-04 12:23:57,368 Evaluating Line 150023 with measurement: battery's current is zero and battery's voltage is fourteen and rotation speed of electric motor is five and mode of h-bridge is zero

2024-09-04 12:23:57,368 Using context: time is zero and battery's current is zero and battery's voltage is fourteen and rotation speed of electric motor is zero and mode of h-bridge is five
time is zero and battery's current is zero and battery's voltage is fourteen and rotation speed of electric motor is zero and mode of h-bridge is five
time is zero and battery's current is zero and battery's voltage is fourteen and rotation speed of electric motor is zero and mode of h-bridge is five
time is zero and battery's current is zero and battery's voltage is fourteen and rotation speed of electric motor is zero and mode of h-bridge is five
time is zero and battery's current is zero and battery's voltage is fourteen and rotation speed of electric motor is zero and mode of h-bridge is five
time is zero and battery's current is zero and battery's voltage is fourteen and rotation speed of electric motor is zero and mode of h-bridge is five
time is zero and battery's current is zero and battery's voltage is fourteen and rotation speed of electric motor is zero and mode of h-bridge is five
time is zero and battery's current is zero and battery's voltage is fourteen and rotation speed of electric motor is zero and mode of h-bridge is five
time is zero and battery's current is zero and battery's voltage is fourteen and rotation speed of electric motor is zero and mode of h-bridge is five
time is zero and battery's current is zero and battery's voltage is fourteen and rotation speed of electric motor is zero and mode of h-bridge is five


2024-09-04 12:24:08,192 Answer for Line 150023: ### Part 1: Infer Rules from Normal Behavior

Based on the provided time series data representing normal operation behavior, we can infer the following rules:

- **Battery Current:** Expected value is zero.
- **Battery Voltage:** Expected value is fourteen.
- **Motor Speed:** Expected value is zero.
- **H-Bridge Mode:** Expected value is five.

### Part 2: Fault Detection Based on Inferred Rules

Given the inferred rules and the fault models, let's apply them to the provided time series data for fault detection:

**Input Data:**
battery's current is zero and battery's voltage is fourteen and rotation speed of electric motor is five and mode of h-bridge is zero

1. **Battery Current:** Expected value is zero, which matches the input data.
2. **Battery Voltage:** Expected value is fourteen, which matches the input data.
3. **Motor Speed:** Expected value is zero, but the input data shows a speed of five. This deviation indicates an issue with the motor's behavior.
4. **H-Bridge Mode:** Expected value is five, but the input data shows a mode of zero. According to the fault models, this corresponds to H-Bridge F3 (Always stops the motor).

### Fault Report:

- **Fault Detected:** yes
- **Affected Components:** Motor, H-Bridge
- **Fault Types:** Motor Broken, H-Bridge F3
- **Explanation:** The motor's speed is not zero as expected, indicating it might be broken. The H-Bridge mode of zero indicates it always stops the motor, which corresponds to fault type F3.

Note: Although the motor's behavior deviates from normal, strictly speaking, we can only confirm a "Motor Broken" condition based on the provided data and inferred rules.

2024-09-04 12:24:08,294 HTTP Request: POST http://qdrant.ist.tugraz.at:6333/collections/powertrain/points/search "HTTP/1.1 200 OK"
2024-09-04 12:24:08,310 Evaluating Line 150024 with measurement: battery's current is zero and battery's voltage is fourteen and rotation speed of electric motor is five and mode of h-bridge is zero

2024-09-04 12:24:08,310 Using context: time is zero and battery's current is zero and battery's voltage is fourteen and rotation speed of electric motor is zero and mode of h-bridge is five
time is zero and battery's current is zero and battery's voltage is fourteen and rotation speed of electric motor is zero and mode of h-bridge is five
time is zero and battery's current is zero and battery's voltage is fourteen and rotation speed of electric motor is zero and mode of h-bridge is five
time is zero and battery's current is zero and battery's voltage is fourteen and rotation speed of electric motor is zero and mode of h-bridge is five
time is zero and battery's current is zero and battery's voltage is fourteen and rotation speed of electric motor is zero and mode of h-bridge is five
time is zero and battery's current is zero and battery's voltage is fourteen and rotation speed of electric motor is zero and mode of h-bridge is five
time is zero and battery's current is zero and battery's voltage is fourteen and rotation speed of electric motor is zero and mode of h-bridge is five
time is zero and battery's current is zero and battery's voltage is fourteen and rotation speed of electric motor is zero and mode of h-bridge is five
time is zero and battery's current is zero and battery's voltage is fourteen and rotation speed of electric motor is zero and mode of h-bridge is five
time is zero and battery's current is zero and battery's voltage is fourteen and rotation speed of electric motor is zero and mode of h-bridge is five


2024-09-04 12:24:19,153 Answer for Line 150024: ### Part 1: Infer Rules from Normal Behavior

Based on the provided time series data representing normal operation behavior, we can infer the following rules:

- **Battery Current:** Expected value is zero.
- **Battery Voltage:** Expected value is fourteen.
- **Motor Speed:** Expected value is zero.
- **H-Bridge Mode:** Expected value is five.

### Part 2: Fault Detection Based on Inferred Rules

Given the inferred rules and the fault models, let's apply them to the provided time series data for fault detection:

**Input Data:**
battery's current is zero and battery's voltage is fourteen and rotation speed of electric motor is five and mode of h-bridge is zero

1. **Battery Current:** Expected value is zero, which matches the input data.
2. **Battery Voltage:** Expected value is fourteen, which matches the input data.
3. **Motor Speed:** Expected value is zero, but the input data shows a speed of five. This deviation indicates an issue with the motor's behavior.
4. **H-Bridge Mode:** Expected value is five, but the input data shows a mode of zero. According to the fault models, this corresponds to H-Bridge F3 (Always stops the motor).

### Fault Report:

- **Fault Detected:** yes
- **Affected Components:** Motor, H-Bridge
- **Fault Types:** Motor Broken, H-Bridge F3
- **Explanation:** The motor's speed is not zero as expected, indicating it might be broken. The H-Bridge mode of zero indicates it always stops the motor, which corresponds to fault type F3.

Note: Although the motor's behavior deviates from normal, strictly speaking, we can only confirm a "Motor Broken" condition based on the provided data and inferred rules.

2024-09-04 12:24:19,225 HTTP Request: POST http://qdrant.ist.tugraz.at:6333/collections/powertrain/points/search "HTTP/1.1 200 OK"
2024-09-04 12:24:19,242 Evaluating Line 150025 with measurement: battery's current is zero and battery's voltage is fourteen and rotation speed of electric motor is five and mode of h-bridge is zero

2024-09-04 12:24:19,242 Using context: time is zero and battery's current is zero and battery's voltage is fourteen and rotation speed of electric motor is zero and mode of h-bridge is five
time is zero and battery's current is zero and battery's voltage is fourteen and rotation speed of electric motor is zero and mode of h-bridge is five
time is zero and battery's current is zero and battery's voltage is fourteen and rotation speed of electric motor is zero and mode of h-bridge is five
time is zero and battery's current is zero and battery's voltage is fourteen and rotation speed of electric motor is zero and mode of h-bridge is five
time is zero and battery's current is zero and battery's voltage is fourteen and rotation speed of electric motor is zero and mode of h-bridge is five
time is zero and battery's current is zero and battery's voltage is fourteen and rotation speed of electric motor is zero and mode of h-bridge is five
time is zero and battery's current is zero and battery's voltage is fourteen and rotation speed of electric motor is zero and mode of h-bridge is five
time is zero and battery's current is zero and battery's voltage is fourteen and rotation speed of electric motor is zero and mode of h-bridge is five
time is zero and battery's current is zero and battery's voltage is fourteen and rotation speed of electric motor is zero and mode of h-bridge is five
time is zero and battery's current is zero and battery's voltage is fourteen and rotation speed of electric motor is zero and mode of h-bridge is five


2024-09-04 12:24:30,096 Answer for Line 150025: ### Part 1: Infer Rules from Normal Behavior

Based on the provided time series data representing normal operation behavior, we can infer the following rules:

- **Battery Current:** Expected value is zero.
- **Battery Voltage:** Expected value is fourteen.
- **Motor Speed:** Expected value is zero.
- **H-Bridge Mode:** Expected value is five.

### Part 2: Fault Detection Based on Inferred Rules

Given the inferred rules and the fault models, let's apply them to the provided time series data for fault detection:

**Input Data:**
battery's current is zero and battery's voltage is fourteen and rotation speed of electric motor is five and mode of h-bridge is zero

1. **Battery Current:** Expected value is zero, which matches the input data.
2. **Battery Voltage:** Expected value is fourteen, which matches the input data.
3. **Motor Speed:** Expected value is zero, but the input data shows a speed of five. This deviation indicates an issue with the motor's behavior.
4. **H-Bridge Mode:** Expected value is five, but the input data shows a mode of zero. According to the fault models, this corresponds to H-Bridge F3 (Always stops the motor).

### Fault Report:

- **Fault Detected:** yes
- **Affected Components:** Motor, H-Bridge
- **Fault Types:** Motor Broken, H-Bridge F3
- **Explanation:** The motor's speed is not zero as expected, indicating it might be broken. The H-Bridge mode of zero indicates it always stops the motor, which corresponds to fault type F3.

Note: Although the motor's behavior deviates from normal, strictly speaking, we can only confirm a "Motor Broken" condition based on the provided data and inferred rules.

2024-09-04 12:24:30,164 HTTP Request: POST http://qdrant.ist.tugraz.at:6333/collections/powertrain/points/search "HTTP/1.1 200 OK"
2024-09-04 12:24:30,179 Evaluating Line 150026 with measurement: battery's current is zero and battery's voltage is fourteen and rotation speed of electric motor is five and mode of h-bridge is zero

2024-09-04 12:24:30,179 Using context: time is zero and battery's current is zero and battery's voltage is fourteen and rotation speed of electric motor is zero and mode of h-bridge is five
time is zero and battery's current is zero and battery's voltage is fourteen and rotation speed of electric motor is zero and mode of h-bridge is five
time is zero and battery's current is zero and battery's voltage is fourteen and rotation speed of electric motor is zero and mode of h-bridge is five
time is zero and battery's current is zero and battery's voltage is fourteen and rotation speed of electric motor is zero and mode of h-bridge is five
time is zero and battery's current is zero and battery's voltage is fourteen and rotation speed of electric motor is zero and mode of h-bridge is five
time is zero and battery's current is zero and battery's voltage is fourteen and rotation speed of electric motor is zero and mode of h-bridge is five
time is zero and battery's current is zero and battery's voltage is fourteen and rotation speed of electric motor is zero and mode of h-bridge is five
time is zero and battery's current is zero and battery's voltage is fourteen and rotation speed of electric motor is zero and mode of h-bridge is five
time is zero and battery's current is zero and battery's voltage is fourteen and rotation speed of electric motor is zero and mode of h-bridge is five
time is zero and battery's current is zero and battery's voltage is fourteen and rotation speed of electric motor is zero and mode of h-bridge is five


2024-09-04 12:24:41,038 Answer for Line 150026: ### Part 1: Infer Rules from Normal Behavior

Based on the provided time series data representing normal operation behavior, we can infer the following rules:

- **Battery Current:** Expected value is zero.
- **Battery Voltage:** Expected value is fourteen.
- **Motor Speed:** Expected value is zero.
- **H-Bridge Mode:** Expected value is five.

### Part 2: Fault Detection Based on Inferred Rules

Given the inferred rules and the fault models, let's apply them to the provided time series data for fault detection:

**Input Data:**
battery's current is zero and battery's voltage is fourteen and rotation speed of electric motor is five and mode of h-bridge is zero

1. **Battery Current:** Expected value is zero, which matches the input data.
2. **Battery Voltage:** Expected value is fourteen, which matches the input data.
3. **Motor Speed:** Expected value is zero, but the input data shows a speed of five. This deviation indicates an issue with the motor's behavior.
4. **H-Bridge Mode:** Expected value is five, but the input data shows a mode of zero. According to the fault models, this corresponds to H-Bridge F3 (Always stops the motor).

### Fault Report:

- **Fault Detected:** yes
- **Affected Components:** Motor, H-Bridge
- **Fault Types:** Motor Broken, H-Bridge F3
- **Explanation:** The motor's speed is not zero as expected, indicating it might be broken. The H-Bridge mode of zero indicates it always stops the motor, which corresponds to fault type F3.

Note: Although the motor's behavior deviates from normal, strictly speaking, we can only confirm a "Motor Broken" condition based on the provided data and inferred rules.

2024-09-04 12:24:41,110 HTTP Request: POST http://qdrant.ist.tugraz.at:6333/collections/powertrain/points/search "HTTP/1.1 200 OK"
2024-09-04 12:24:41,124 Evaluating Line 150027 with measurement: battery's current is zero and battery's voltage is fourteen and rotation speed of electric motor is five and mode of h-bridge is zero

2024-09-04 12:24:41,124 Using context: time is zero and battery's current is zero and battery's voltage is fourteen and rotation speed of electric motor is zero and mode of h-bridge is five
time is zero and battery's current is zero and battery's voltage is fourteen and rotation speed of electric motor is zero and mode of h-bridge is five
time is zero and battery's current is zero and battery's voltage is fourteen and rotation speed of electric motor is zero and mode of h-bridge is five
time is zero and battery's current is zero and battery's voltage is fourteen and rotation speed of electric motor is zero and mode of h-bridge is five
time is zero and battery's current is zero and battery's voltage is fourteen and rotation speed of electric motor is zero and mode of h-bridge is five
time is zero and battery's current is zero and battery's voltage is fourteen and rotation speed of electric motor is zero and mode of h-bridge is five
time is zero and battery's current is zero and battery's voltage is fourteen and rotation speed of electric motor is zero and mode of h-bridge is five
time is zero and battery's current is zero and battery's voltage is fourteen and rotation speed of electric motor is zero and mode of h-bridge is five
time is zero and battery's current is zero and battery's voltage is fourteen and rotation speed of electric motor is zero and mode of h-bridge is five
time is zero and battery's current is zero and battery's voltage is fourteen and rotation speed of electric motor is zero and mode of h-bridge is five


2024-09-04 12:24:51,990 Answer for Line 150027: ### Part 1: Infer Rules from Normal Behavior

Based on the provided time series data representing normal operation behavior, we can infer the following rules:

- **Battery Current:** Expected value is zero.
- **Battery Voltage:** Expected value is fourteen.
- **Motor Speed:** Expected value is zero.
- **H-Bridge Mode:** Expected value is five.

### Part 2: Fault Detection Based on Inferred Rules

Given the inferred rules and the fault models, let's apply them to the provided time series data for fault detection:

**Input Data:**
battery's current is zero and battery's voltage is fourteen and rotation speed of electric motor is five and mode of h-bridge is zero

1. **Battery Current:** Expected value is zero, which matches the input data.
2. **Battery Voltage:** Expected value is fourteen, which matches the input data.
3. **Motor Speed:** Expected value is zero, but the input data shows a speed of five. This deviation indicates an issue with the motor's behavior.
4. **H-Bridge Mode:** Expected value is five, but the input data shows a mode of zero. According to the fault models, this corresponds to H-Bridge F3 (Always stops the motor).

### Fault Report:

- **Fault Detected:** yes
- **Affected Components:** Motor, H-Bridge
- **Fault Types:** Motor Broken, H-Bridge F3
- **Explanation:** The motor's speed is not zero as expected, indicating it might be broken. The H-Bridge mode of zero indicates it always stops the motor, which corresponds to fault type F3.

Note: Although the motor's behavior deviates from normal, strictly speaking, we can only confirm a "Motor Broken" condition based on the provided data and inferred rules.

2024-09-04 12:24:52,066 HTTP Request: POST http://qdrant.ist.tugraz.at:6333/collections/powertrain/points/search "HTTP/1.1 200 OK"
2024-09-04 12:24:52,080 Evaluating Line 150028 with measurement: battery's current is zero and battery's voltage is fourteen and rotation speed of electric motor is five and mode of h-bridge is zero

2024-09-04 12:24:52,080 Using context: time is zero and battery's current is zero and battery's voltage is fourteen and rotation speed of electric motor is zero and mode of h-bridge is five
time is zero and battery's current is zero and battery's voltage is fourteen and rotation speed of electric motor is zero and mode of h-bridge is five
time is zero and battery's current is zero and battery's voltage is fourteen and rotation speed of electric motor is zero and mode of h-bridge is five
time is zero and battery's current is zero and battery's voltage is fourteen and rotation speed of electric motor is zero and mode of h-bridge is five
time is zero and battery's current is zero and battery's voltage is fourteen and rotation speed of electric motor is zero and mode of h-bridge is five
time is zero and battery's current is zero and battery's voltage is fourteen and rotation speed of electric motor is zero and mode of h-bridge is five
time is zero and battery's current is zero and battery's voltage is fourteen and rotation speed of electric motor is zero and mode of h-bridge is five
time is zero and battery's current is zero and battery's voltage is fourteen and rotation speed of electric motor is zero and mode of h-bridge is five
time is zero and battery's current is zero and battery's voltage is fourteen and rotation speed of electric motor is zero and mode of h-bridge is five
time is zero and battery's current is zero and battery's voltage is fourteen and rotation speed of electric motor is zero and mode of h-bridge is five


2024-09-04 12:25:02,925 Answer for Line 150028: ### Part 1: Infer Rules from Normal Behavior

Based on the provided time series data representing normal operation behavior, we can infer the following rules:

- **Battery Current:** Expected value is zero.
- **Battery Voltage:** Expected value is fourteen.
- **Motor Speed:** Expected value is zero.
- **H-Bridge Mode:** Expected value is five.

### Part 2: Fault Detection Based on Inferred Rules

Given the inferred rules and the fault models, let's apply them to the provided time series data for fault detection:

**Input Data:**
battery's current is zero and battery's voltage is fourteen and rotation speed of electric motor is five and mode of h-bridge is zero

1. **Battery Current:** Expected value is zero, which matches the input data.
2. **Battery Voltage:** Expected value is fourteen, which matches the input data.
3. **Motor Speed:** Expected value is zero, but the input data shows a speed of five. This deviation indicates an issue with the motor's behavior.
4. **H-Bridge Mode:** Expected value is five, but the input data shows a mode of zero. According to the fault models, this corresponds to H-Bridge F3 (Always stops the motor).

### Fault Report:

- **Fault Detected:** yes
- **Affected Components:** Motor, H-Bridge
- **Fault Types:** Motor Broken, H-Bridge F3
- **Explanation:** The motor's speed is not zero as expected, indicating it might be broken. The H-Bridge mode of zero indicates it always stops the motor, which corresponds to fault type F3.

Note: Although the motor's behavior deviates from normal, strictly speaking, we can only confirm a "Motor Broken" condition based on the provided data and inferred rules.

2024-09-04 12:25:03,030 HTTP Request: POST http://qdrant.ist.tugraz.at:6333/collections/powertrain/points/search "HTTP/1.1 200 OK"
2024-09-04 12:25:03,046 Evaluating Line 150029 with measurement: battery's current is zero and battery's voltage is fourteen and rotation speed of electric motor is five and mode of h-bridge is zero

2024-09-04 12:25:03,046 Using context: time is zero and battery's current is zero and battery's voltage is fourteen and rotation speed of electric motor is zero and mode of h-bridge is five
time is zero and battery's current is zero and battery's voltage is fourteen and rotation speed of electric motor is zero and mode of h-bridge is five
time is zero and battery's current is zero and battery's voltage is fourteen and rotation speed of electric motor is zero and mode of h-bridge is five
time is zero and battery's current is zero and battery's voltage is fourteen and rotation speed of electric motor is zero and mode of h-bridge is five
time is zero and battery's current is zero and battery's voltage is fourteen and rotation speed of electric motor is zero and mode of h-bridge is five
time is zero and battery's current is zero and battery's voltage is fourteen and rotation speed of electric motor is zero and mode of h-bridge is five
time is zero and battery's current is zero and battery's voltage is fourteen and rotation speed of electric motor is zero and mode of h-bridge is five
time is zero and battery's current is zero and battery's voltage is fourteen and rotation speed of electric motor is zero and mode of h-bridge is five
time is zero and battery's current is zero and battery's voltage is fourteen and rotation speed of electric motor is zero and mode of h-bridge is five
time is zero and battery's current is zero and battery's voltage is fourteen and rotation speed of electric motor is zero and mode of h-bridge is five


2024-09-04 12:25:13,897 Answer for Line 150029: ### Part 1: Infer Rules from Normal Behavior

Based on the provided time series data representing normal operation behavior, we can infer the following rules:

- **Battery Current:** Expected value is zero.
- **Battery Voltage:** Expected value is fourteen.
- **Motor Speed:** Expected value is zero.
- **H-Bridge Mode:** Expected value is five.

### Part 2: Fault Detection Based on Inferred Rules

Given the inferred rules and the fault models, let's apply them to the provided time series data for fault detection:

**Input Data:**
battery's current is zero and battery's voltage is fourteen and rotation speed of electric motor is five and mode of h-bridge is zero

1. **Battery Current:** Expected value is zero, which matches the input data.
2. **Battery Voltage:** Expected value is fourteen, which matches the input data.
3. **Motor Speed:** Expected value is zero, but the input data shows a speed of five. This deviation indicates an issue with the motor's behavior.
4. **H-Bridge Mode:** Expected value is five, but the input data shows a mode of zero. According to the fault models, this corresponds to H-Bridge F3 (Always stops the motor).

### Fault Report:

- **Fault Detected:** yes
- **Affected Components:** Motor, H-Bridge
- **Fault Types:** Motor Broken, H-Bridge F3
- **Explanation:** The motor's speed is not zero as expected, indicating it might be broken. The H-Bridge mode of zero indicates it always stops the motor, which corresponds to fault type F3.

Note: Although the motor's behavior deviates from normal, strictly speaking, we can only confirm a "Motor Broken" condition based on the provided data and inferred rules.

2024-09-04 12:25:13,973 HTTP Request: POST http://qdrant.ist.tugraz.at:6333/collections/powertrain/points/search "HTTP/1.1 200 OK"
2024-09-04 12:25:13,988 Evaluating Line 150030 with measurement: battery's current is zero and battery's voltage is zero and rotation speed of electric motor is five and mode of h-bridge is zero

2024-09-04 12:25:13,988 Using context: time is zero and battery's current is zero and battery's voltage is fourteen and rotation speed of electric motor is zero and mode of h-bridge is five
time is zero and battery's current is zero and battery's voltage is fourteen and rotation speed of electric motor is zero and mode of h-bridge is five
time is zero and battery's current is zero and battery's voltage is fourteen and rotation speed of electric motor is zero and mode of h-bridge is five
time is zero and battery's current is zero and battery's voltage is fourteen and rotation speed of electric motor is zero and mode of h-bridge is five
time is zero and battery's current is zero and battery's voltage is fourteen and rotation speed of electric motor is zero and mode of h-bridge is five
time is zero and battery's current is zero and battery's voltage is fourteen and rotation speed of electric motor is zero and mode of h-bridge is five
time is zero and battery's current is zero and battery's voltage is fourteen and rotation speed of electric motor is zero and mode of h-bridge is five
time is zero and battery's current is zero and battery's voltage is fourteen and rotation speed of electric motor is zero and mode of h-bridge is five
time is zero and battery's current is zero and battery's voltage is fourteen and rotation speed of electric motor is zero and mode of h-bridge is five
time is zero and battery's current is zero and battery's voltage is fourteen and rotation speed of electric motor is zero and mode of h-bridge is five


2024-09-04 12:25:26,018 Answer for Line 150030: ### Part 1: Infer Rules from Normal Behavior

Based on the provided time series data representing normal operation behavior, we can infer the following rules:

- **Battery Current:** Expected value is zero.
- **Battery Voltage:** Expected value is fourteen.
- **Motor Speed:** Expected value is zero.
- **H-Bridge Mode:** Expected value is five.

These rules are inferred strictly from the provided data and do not include any assumptions or ranges outside of what is shown in the data.

### Part 2: Fault Detection Based on Inferred Rules

Applying the inferred rules to the fault detection input data:

battery's current is zero and battery's voltage is zero and rotation speed of electric motor is five and mode of h-bridge is zero

1. **Battery Current:** Expected value is zero, which matches the provided data.
2. **Battery Voltage:** Expected value is fourteen, but the actual value is zero. This deviation from the expected normal behavior indicates a fault.
3. **Motor Speed:** Expected value is zero, but the actual value is five. This deviation from the expected normal behavior indicates a fault.
4. **H-Bridge Mode:** Expected value is five, but the actual value is zero. This deviation from the expected normal behavior indicates a fault.

### Fault Report

- **Fault Detected:** yes
- **Affected Components:** Battery, Motor, H-Bridge
- **Fault Types:**
  - **Battery:** Empty
  - **Motor:** Short (due to high speed with no voltage drop)
  - **H-Bridge:** F3 (Always stops the motor, indicated by Mode = 0)
- **Explanation:** The battery's voltage is zero, indicating it is empty. The motor is running at a non-zero speed despite no voltage being provided, suggesting a short circuit. The H-Bridge mode indicates that it always stops the motor, which matches its expected behavior for F3 but contradicts normal operation where Mode = 5.

2024-09-04 12:25:26,090 HTTP Request: POST http://qdrant.ist.tugraz.at:6333/collections/powertrain/points/search "HTTP/1.1 200 OK"
2024-09-04 12:25:26,107 Evaluating Line 150031 with measurement: battery's current is zero and battery's voltage is zero and rotation speed of electric motor is five and mode of h-bridge is zero

2024-09-04 12:25:26,107 Using context: time is zero and battery's current is zero and battery's voltage is fourteen and rotation speed of electric motor is zero and mode of h-bridge is five
time is zero and battery's current is zero and battery's voltage is fourteen and rotation speed of electric motor is zero and mode of h-bridge is five
time is zero and battery's current is zero and battery's voltage is fourteen and rotation speed of electric motor is zero and mode of h-bridge is five
time is zero and battery's current is zero and battery's voltage is fourteen and rotation speed of electric motor is zero and mode of h-bridge is five
time is zero and battery's current is zero and battery's voltage is fourteen and rotation speed of electric motor is zero and mode of h-bridge is five
time is zero and battery's current is zero and battery's voltage is fourteen and rotation speed of electric motor is zero and mode of h-bridge is five
time is zero and battery's current is zero and battery's voltage is fourteen and rotation speed of electric motor is zero and mode of h-bridge is five
time is zero and battery's current is zero and battery's voltage is fourteen and rotation speed of electric motor is zero and mode of h-bridge is five
time is zero and battery's current is zero and battery's voltage is fourteen and rotation speed of electric motor is zero and mode of h-bridge is five
time is zero and battery's current is zero and battery's voltage is fourteen and rotation speed of electric motor is zero and mode of h-bridge is five


2024-09-04 12:25:38,104 Answer for Line 150031: ### Part 1: Infer Rules from Normal Behavior

Based on the provided time series data representing normal operation behavior, we can infer the following rules:

- **Battery Current:** Expected value is zero.
- **Battery Voltage:** Expected value is fourteen.
- **Motor Speed:** Expected value is zero.
- **H-Bridge Mode:** Expected value is five.

These rules are inferred strictly from the provided data and do not include any assumptions or ranges outside of what is shown in the data.

### Part 2: Fault Detection Based on Inferred Rules

Applying the inferred rules to the fault detection input data:

battery's current is zero and battery's voltage is zero and rotation speed of electric motor is five and mode of h-bridge is zero

1. **Battery Current:** Expected value is zero, which matches the provided data.
2. **Battery Voltage:** Expected value is fourteen, but the actual value is zero. This deviation from the expected normal behavior indicates a fault.
3. **Motor Speed:** Expected value is zero, but the actual value is five. This deviation from the expected normal behavior indicates a fault.
4. **H-Bridge Mode:** Expected value is five, but the actual value is zero. This deviation from the expected normal behavior indicates a fault.

### Fault Report

- **Fault Detected:** yes
- **Affected Components:** Battery, Motor, H-Bridge
- **Fault Types:**
  - **Battery:** Empty
  - **Motor:** Short (due to high speed with no voltage drop)
  - **H-Bridge:** F3 (Always stops the motor, indicated by Mode = 0)
- **Explanation:** The battery's voltage is zero, indicating it is empty. The motor is running at a non-zero speed despite no voltage being provided, suggesting a short circuit. The H-Bridge mode indicates that it always stops the motor, which matches its expected behavior for F3 but contradicts normal operation where Mode = 5.

2024-09-04 12:25:38,180 HTTP Request: POST http://qdrant.ist.tugraz.at:6333/collections/powertrain/points/search "HTTP/1.1 200 OK"
2024-09-04 12:25:38,193 Evaluating Line 150032 with measurement: battery's current is zero and battery's voltage is zero and rotation speed of electric motor is five and mode of h-bridge is zero

2024-09-04 12:25:38,194 Using context: time is zero and battery's current is zero and battery's voltage is fourteen and rotation speed of electric motor is zero and mode of h-bridge is five
time is zero and battery's current is zero and battery's voltage is fourteen and rotation speed of electric motor is zero and mode of h-bridge is five
time is zero and battery's current is zero and battery's voltage is fourteen and rotation speed of electric motor is zero and mode of h-bridge is five
time is zero and battery's current is zero and battery's voltage is fourteen and rotation speed of electric motor is zero and mode of h-bridge is five
time is zero and battery's current is zero and battery's voltage is fourteen and rotation speed of electric motor is zero and mode of h-bridge is five
time is zero and battery's current is zero and battery's voltage is fourteen and rotation speed of electric motor is zero and mode of h-bridge is five
time is zero and battery's current is zero and battery's voltage is fourteen and rotation speed of electric motor is zero and mode of h-bridge is five
time is zero and battery's current is zero and battery's voltage is fourteen and rotation speed of electric motor is zero and mode of h-bridge is five
time is zero and battery's current is zero and battery's voltage is fourteen and rotation speed of electric motor is zero and mode of h-bridge is five
time is zero and battery's current is zero and battery's voltage is fourteen and rotation speed of electric motor is zero and mode of h-bridge is five


2024-09-04 12:25:50,211 Answer for Line 150032: ### Part 1: Infer Rules from Normal Behavior

Based on the provided time series data representing normal operation behavior, we can infer the following rules:

- **Battery Current:** Expected value is zero.
- **Battery Voltage:** Expected value is fourteen.
- **Motor Speed:** Expected value is zero.
- **H-Bridge Mode:** Expected value is five.

These rules are inferred strictly from the provided data and do not include any assumptions or ranges outside of what is shown in the data.

### Part 2: Fault Detection Based on Inferred Rules

Applying the inferred rules to the fault detection input data:

battery's current is zero and battery's voltage is zero and rotation speed of electric motor is five and mode of h-bridge is zero

1. **Battery Current:** Expected value is zero, which matches the provided data.
2. **Battery Voltage:** Expected value is fourteen, but the actual value is zero. This deviation from the expected normal behavior indicates a fault.
3. **Motor Speed:** Expected value is zero, but the actual value is five. This deviation from the expected normal behavior indicates a fault.
4. **H-Bridge Mode:** Expected value is five, but the actual value is zero. This deviation from the expected normal behavior indicates a fault.

### Fault Report

- **Fault Detected:** yes
- **Affected Components:** Battery, Motor, H-Bridge
- **Fault Types:**
  - **Battery:** Empty
  - **Motor:** Short (due to high speed with no voltage drop)
  - **H-Bridge:** F3 (Always stops the motor, indicated by Mode = 0)
- **Explanation:** The battery's voltage is zero, indicating it is empty. The motor is running at a non-zero speed despite no voltage being provided, suggesting a short circuit. The H-Bridge mode indicates that it always stops the motor, which matches its expected behavior for F3 but contradicts normal operation where Mode = 5.

2024-09-04 12:25:50,281 HTTP Request: POST http://qdrant.ist.tugraz.at:6333/collections/powertrain/points/search "HTTP/1.1 200 OK"
2024-09-04 12:25:50,296 Evaluating Line 150033 with measurement: battery's current is zero and battery's voltage is zero and rotation speed of electric motor is five and mode of h-bridge is zero

2024-09-04 12:25:50,296 Using context: time is zero and battery's current is zero and battery's voltage is fourteen and rotation speed of electric motor is zero and mode of h-bridge is five
time is zero and battery's current is zero and battery's voltage is fourteen and rotation speed of electric motor is zero and mode of h-bridge is five
time is zero and battery's current is zero and battery's voltage is fourteen and rotation speed of electric motor is zero and mode of h-bridge is five
time is zero and battery's current is zero and battery's voltage is fourteen and rotation speed of electric motor is zero and mode of h-bridge is five
time is zero and battery's current is zero and battery's voltage is fourteen and rotation speed of electric motor is zero and mode of h-bridge is five
time is zero and battery's current is zero and battery's voltage is fourteen and rotation speed of electric motor is zero and mode of h-bridge is five
time is zero and battery's current is zero and battery's voltage is fourteen and rotation speed of electric motor is zero and mode of h-bridge is five
time is zero and battery's current is zero and battery's voltage is fourteen and rotation speed of electric motor is zero and mode of h-bridge is five
time is zero and battery's current is zero and battery's voltage is fourteen and rotation speed of electric motor is zero and mode of h-bridge is five
time is zero and battery's current is zero and battery's voltage is fourteen and rotation speed of electric motor is zero and mode of h-bridge is five


2024-09-04 12:26:02,291 Answer for Line 150033: ### Part 1: Infer Rules from Normal Behavior

Based on the provided time series data representing normal operation behavior, we can infer the following rules:

- **Battery Current:** Expected value is zero.
- **Battery Voltage:** Expected value is fourteen.
- **Motor Speed:** Expected value is zero.
- **H-Bridge Mode:** Expected value is five.

These rules are inferred strictly from the provided data and do not include any assumptions or ranges outside of what is shown in the data.

### Part 2: Fault Detection Based on Inferred Rules

Applying the inferred rules to the fault detection input data:

battery's current is zero and battery's voltage is zero and rotation speed of electric motor is five and mode of h-bridge is zero

1. **Battery Current:** Expected value is zero, which matches the provided data.
2. **Battery Voltage:** Expected value is fourteen, but the actual value is zero. This deviation from the expected normal behavior indicates a fault.
3. **Motor Speed:** Expected value is zero, but the actual value is five. This deviation from the expected normal behavior indicates a fault.
4. **H-Bridge Mode:** Expected value is five, but the actual value is zero. This deviation from the expected normal behavior indicates a fault.

### Fault Report

- **Fault Detected:** yes
- **Affected Components:** Battery, Motor, H-Bridge
- **Fault Types:**
  - **Battery:** Empty
  - **Motor:** Short (due to high speed with no voltage drop)
  - **H-Bridge:** F3 (Always stops the motor, indicated by Mode = 0)
- **Explanation:** The battery's voltage is zero, indicating it is empty. The motor is running at a non-zero speed despite no voltage being provided, suggesting a short circuit. The H-Bridge mode indicates that it always stops the motor, which matches its expected behavior for F3 but contradicts normal operation where Mode = 5.

2024-09-04 12:26:02,388 HTTP Request: POST http://qdrant.ist.tugraz.at:6333/collections/powertrain/points/search "HTTP/1.1 200 OK"
2024-09-04 12:26:02,402 Evaluating Line 150034 with measurement: battery's current is zero and battery's voltage is zero and rotation speed of electric motor is five and mode of h-bridge is zero

2024-09-04 12:26:02,402 Using context: time is zero and battery's current is zero and battery's voltage is fourteen and rotation speed of electric motor is zero and mode of h-bridge is five
time is zero and battery's current is zero and battery's voltage is fourteen and rotation speed of electric motor is zero and mode of h-bridge is five
time is zero and battery's current is zero and battery's voltage is fourteen and rotation speed of electric motor is zero and mode of h-bridge is five
time is zero and battery's current is zero and battery's voltage is fourteen and rotation speed of electric motor is zero and mode of h-bridge is five
time is zero and battery's current is zero and battery's voltage is fourteen and rotation speed of electric motor is zero and mode of h-bridge is five
time is zero and battery's current is zero and battery's voltage is fourteen and rotation speed of electric motor is zero and mode of h-bridge is five
time is zero and battery's current is zero and battery's voltage is fourteen and rotation speed of electric motor is zero and mode of h-bridge is five
time is zero and battery's current is zero and battery's voltage is fourteen and rotation speed of electric motor is zero and mode of h-bridge is five
time is zero and battery's current is zero and battery's voltage is fourteen and rotation speed of electric motor is zero and mode of h-bridge is five
time is zero and battery's current is zero and battery's voltage is fourteen and rotation speed of electric motor is zero and mode of h-bridge is five


2024-09-04 12:26:14,443 Answer for Line 150034: ### Part 1: Infer Rules from Normal Behavior

Based on the provided time series data representing normal operation behavior, we can infer the following rules:

- **Battery Current:** Expected value is zero.
- **Battery Voltage:** Expected value is fourteen.
- **Motor Speed:** Expected value is zero.
- **H-Bridge Mode:** Expected value is five.

These rules are inferred strictly from the provided data and do not include any assumptions or ranges outside of what is shown in the data.

### Part 2: Fault Detection Based on Inferred Rules

Applying the inferred rules to the fault detection input data:

battery's current is zero and battery's voltage is zero and rotation speed of electric motor is five and mode of h-bridge is zero

1. **Battery Current:** Expected value is zero, which matches the provided data.
2. **Battery Voltage:** Expected value is fourteen, but the actual value is zero. This deviation from the expected normal behavior indicates a fault.
3. **Motor Speed:** Expected value is zero, but the actual value is five. This deviation from the expected normal behavior indicates a fault.
4. **H-Bridge Mode:** Expected value is five, but the actual value is zero. This deviation from the expected normal behavior indicates a fault.

### Fault Report

- **Fault Detected:** yes
- **Affected Components:** Battery, Motor, H-Bridge
- **Fault Types:**
  - **Battery:** Empty
  - **Motor:** Short (due to high speed with no voltage drop)
  - **H-Bridge:** F3 (Always stops the motor, indicated by Mode = 0)
- **Explanation:** The battery's voltage is zero, indicating it is empty. The motor is running at a non-zero speed despite no voltage being provided, suggesting a short circuit. The H-Bridge mode indicates that it always stops the motor, which matches its expected behavior for F3 but contradicts normal operation where Mode = 5.

2024-09-04 12:26:14,517 HTTP Request: POST http://qdrant.ist.tugraz.at:6333/collections/powertrain/points/search "HTTP/1.1 200 OK"
2024-09-04 12:26:14,530 Evaluating Line 150035 with measurement: battery's current is zero and battery's voltage is zero and rotation speed of electric motor is five and mode of h-bridge is zero

2024-09-04 12:26:14,531 Using context: time is zero and battery's current is zero and battery's voltage is fourteen and rotation speed of electric motor is zero and mode of h-bridge is five
time is zero and battery's current is zero and battery's voltage is fourteen and rotation speed of electric motor is zero and mode of h-bridge is five
time is zero and battery's current is zero and battery's voltage is fourteen and rotation speed of electric motor is zero and mode of h-bridge is five
time is zero and battery's current is zero and battery's voltage is fourteen and rotation speed of electric motor is zero and mode of h-bridge is five
time is zero and battery's current is zero and battery's voltage is fourteen and rotation speed of electric motor is zero and mode of h-bridge is five
time is zero and battery's current is zero and battery's voltage is fourteen and rotation speed of electric motor is zero and mode of h-bridge is five
time is zero and battery's current is zero and battery's voltage is fourteen and rotation speed of electric motor is zero and mode of h-bridge is five
time is zero and battery's current is zero and battery's voltage is fourteen and rotation speed of electric motor is zero and mode of h-bridge is five
time is zero and battery's current is zero and battery's voltage is fourteen and rotation speed of electric motor is zero and mode of h-bridge is five
time is zero and battery's current is zero and battery's voltage is fourteen and rotation speed of electric motor is zero and mode of h-bridge is five


2024-09-04 12:26:26,612 Answer for Line 150035: ### Part 1: Infer Rules from Normal Behavior

Based on the provided time series data representing normal operation behavior, we can infer the following rules:

- **Battery Current:** Expected value is zero.
- **Battery Voltage:** Expected value is fourteen.
- **Motor Speed:** Expected value is zero.
- **H-Bridge Mode:** Expected value is five.

These rules are inferred strictly from the provided data and do not include any assumptions or ranges outside of what is shown in the data.

### Part 2: Fault Detection Based on Inferred Rules

Applying the inferred rules to the fault detection input data:

battery's current is zero and battery's voltage is zero and rotation speed of electric motor is five and mode of h-bridge is zero

1. **Battery Current:** Expected value is zero, which matches the provided data.
2. **Battery Voltage:** Expected value is fourteen, but the actual value is zero. This deviation from the expected normal behavior indicates a fault.
3. **Motor Speed:** Expected value is zero, but the actual value is five. This deviation from the expected normal behavior indicates a fault.
4. **H-Bridge Mode:** Expected value is five, but the actual value is zero. This deviation from the expected normal behavior indicates a fault.

### Fault Report

- **Fault Detected:** yes
- **Affected Components:** Battery, Motor, H-Bridge
- **Fault Types:**
  - **Battery:** Empty
  - **Motor:** Short (due to high speed with no voltage drop)
  - **H-Bridge:** F3 (Always stops the motor, indicated by Mode = 0)
- **Explanation:** The battery's voltage is zero, indicating it is empty. The motor is running at a non-zero speed despite no voltage being provided, suggesting a short circuit. The H-Bridge mode indicates that it always stops the motor, which matches its expected behavior for F3 but contradicts normal operation where Mode = 5.

2024-09-04 12:26:26,684 HTTP Request: POST http://qdrant.ist.tugraz.at:6333/collections/powertrain/points/search "HTTP/1.1 200 OK"
2024-09-04 12:26:26,698 Evaluating Line 150036 with measurement: battery's current is zero and battery's voltage is zero and rotation speed of electric motor is five and mode of h-bridge is zero

2024-09-04 12:26:26,698 Using context: time is zero and battery's current is zero and battery's voltage is fourteen and rotation speed of electric motor is zero and mode of h-bridge is five
time is zero and battery's current is zero and battery's voltage is fourteen and rotation speed of electric motor is zero and mode of h-bridge is five
time is zero and battery's current is zero and battery's voltage is fourteen and rotation speed of electric motor is zero and mode of h-bridge is five
time is zero and battery's current is zero and battery's voltage is fourteen and rotation speed of electric motor is zero and mode of h-bridge is five
time is zero and battery's current is zero and battery's voltage is fourteen and rotation speed of electric motor is zero and mode of h-bridge is five
time is zero and battery's current is zero and battery's voltage is fourteen and rotation speed of electric motor is zero and mode of h-bridge is five
time is zero and battery's current is zero and battery's voltage is fourteen and rotation speed of electric motor is zero and mode of h-bridge is five
time is zero and battery's current is zero and battery's voltage is fourteen and rotation speed of electric motor is zero and mode of h-bridge is five
time is zero and battery's current is zero and battery's voltage is fourteen and rotation speed of electric motor is zero and mode of h-bridge is five
time is zero and battery's current is zero and battery's voltage is fourteen and rotation speed of electric motor is zero and mode of h-bridge is five


2024-09-04 12:26:38,710 Answer for Line 150036: ### Part 1: Infer Rules from Normal Behavior

Based on the provided time series data representing normal operation behavior, we can infer the following rules:

- **Battery Current:** Expected value is zero.
- **Battery Voltage:** Expected value is fourteen.
- **Motor Speed:** Expected value is zero.
- **H-Bridge Mode:** Expected value is five.

These rules are inferred strictly from the provided data and do not include any assumptions or ranges outside of what is shown in the data.

### Part 2: Fault Detection Based on Inferred Rules

Applying the inferred rules to the fault detection input data:

battery's current is zero and battery's voltage is zero and rotation speed of electric motor is five and mode of h-bridge is zero

1. **Battery Current:** Expected value is zero, which matches the provided data.
2. **Battery Voltage:** Expected value is fourteen, but the actual value is zero. This deviation from the expected normal behavior indicates a fault.
3. **Motor Speed:** Expected value is zero, but the actual value is five. This deviation from the expected normal behavior indicates a fault.
4. **H-Bridge Mode:** Expected value is five, but the actual value is zero. This deviation from the expected normal behavior indicates a fault.

### Fault Report

- **Fault Detected:** yes
- **Affected Components:** Battery, Motor, H-Bridge
- **Fault Types:**
  - **Battery:** Empty
  - **Motor:** Short (due to high speed with no voltage drop)
  - **H-Bridge:** F3 (Always stops the motor, indicated by Mode = 0)
- **Explanation:** The battery's voltage is zero, indicating it is empty. The motor is running at a non-zero speed despite no voltage being provided, suggesting a short circuit. The H-Bridge mode indicates that it always stops the motor, which matches its expected behavior for F3 but contradicts normal operation where Mode = 5.

2024-09-04 12:26:38,782 HTTP Request: POST http://qdrant.ist.tugraz.at:6333/collections/powertrain/points/search "HTTP/1.1 200 OK"
2024-09-04 12:26:38,794 Evaluating Line 150037 with measurement: battery's current is zero and battery's voltage is zero and rotation speed of electric motor is five and mode of h-bridge is zero

2024-09-04 12:26:38,794 Using context: time is zero and battery's current is zero and battery's voltage is fourteen and rotation speed of electric motor is zero and mode of h-bridge is five
time is zero and battery's current is zero and battery's voltage is fourteen and rotation speed of electric motor is zero and mode of h-bridge is five
time is zero and battery's current is zero and battery's voltage is fourteen and rotation speed of electric motor is zero and mode of h-bridge is five
time is zero and battery's current is zero and battery's voltage is fourteen and rotation speed of electric motor is zero and mode of h-bridge is five
time is zero and battery's current is zero and battery's voltage is fourteen and rotation speed of electric motor is zero and mode of h-bridge is five
time is zero and battery's current is zero and battery's voltage is fourteen and rotation speed of electric motor is zero and mode of h-bridge is five
time is zero and battery's current is zero and battery's voltage is fourteen and rotation speed of electric motor is zero and mode of h-bridge is five
time is zero and battery's current is zero and battery's voltage is fourteen and rotation speed of electric motor is zero and mode of h-bridge is five
time is zero and battery's current is zero and battery's voltage is fourteen and rotation speed of electric motor is zero and mode of h-bridge is five
time is zero and battery's current is zero and battery's voltage is fourteen and rotation speed of electric motor is zero and mode of h-bridge is five


2024-09-04 12:26:50,794 Answer for Line 150037: ### Part 1: Infer Rules from Normal Behavior

Based on the provided time series data representing normal operation behavior, we can infer the following rules:

- **Battery Current:** Expected value is zero.
- **Battery Voltage:** Expected value is fourteen.
- **Motor Speed:** Expected value is zero.
- **H-Bridge Mode:** Expected value is five.

These rules are inferred strictly from the provided data and do not include any assumptions or ranges outside of what is shown in the data.

### Part 2: Fault Detection Based on Inferred Rules

Applying the inferred rules to the fault detection input data:

battery's current is zero and battery's voltage is zero and rotation speed of electric motor is five and mode of h-bridge is zero

1. **Battery Current:** Expected value is zero, which matches the provided data.
2. **Battery Voltage:** Expected value is fourteen, but the actual value is zero. This deviation from the expected normal behavior indicates a fault.
3. **Motor Speed:** Expected value is zero, but the actual value is five. This deviation from the expected normal behavior indicates a fault.
4. **H-Bridge Mode:** Expected value is five, but the actual value is zero. This deviation from the expected normal behavior indicates a fault.

### Fault Report

- **Fault Detected:** yes
- **Affected Components:** Battery, Motor, H-Bridge
- **Fault Types:**
  - **Battery:** Empty
  - **Motor:** Short (due to high speed with no voltage drop)
  - **H-Bridge:** F3 (Always stops the motor, indicated by Mode = 0)
- **Explanation:** The battery's voltage is zero, indicating it is empty. The motor is running at a non-zero speed despite no voltage being provided, suggesting a short circuit. The H-Bridge mode indicates that it always stops the motor, which matches its expected behavior for F3 but contradicts normal operation where Mode = 5.

2024-09-04 12:26:50,866 HTTP Request: POST http://qdrant.ist.tugraz.at:6333/collections/powertrain/points/search "HTTP/1.1 200 OK"
2024-09-04 12:26:50,880 Evaluating Line 150038 with measurement: battery's current is zero and battery's voltage is zero and rotation speed of electric motor is five and mode of h-bridge is zero

2024-09-04 12:26:50,881 Using context: time is zero and battery's current is zero and battery's voltage is fourteen and rotation speed of electric motor is zero and mode of h-bridge is five
time is zero and battery's current is zero and battery's voltage is fourteen and rotation speed of electric motor is zero and mode of h-bridge is five
time is zero and battery's current is zero and battery's voltage is fourteen and rotation speed of electric motor is zero and mode of h-bridge is five
time is zero and battery's current is zero and battery's voltage is fourteen and rotation speed of electric motor is zero and mode of h-bridge is five
time is zero and battery's current is zero and battery's voltage is fourteen and rotation speed of electric motor is zero and mode of h-bridge is five
time is zero and battery's current is zero and battery's voltage is fourteen and rotation speed of electric motor is zero and mode of h-bridge is five
time is zero and battery's current is zero and battery's voltage is fourteen and rotation speed of electric motor is zero and mode of h-bridge is five
time is zero and battery's current is zero and battery's voltage is fourteen and rotation speed of electric motor is zero and mode of h-bridge is five
time is zero and battery's current is zero and battery's voltage is fourteen and rotation speed of electric motor is zero and mode of h-bridge is five
time is zero and battery's current is zero and battery's voltage is fourteen and rotation speed of electric motor is zero and mode of h-bridge is five


2024-09-04 12:27:02,876 Answer for Line 150038: ### Part 1: Infer Rules from Normal Behavior

Based on the provided time series data representing normal operation behavior, we can infer the following rules:

- **Battery Current:** Expected value is zero.
- **Battery Voltage:** Expected value is fourteen.
- **Motor Speed:** Expected value is zero.
- **H-Bridge Mode:** Expected value is five.

These rules are inferred strictly from the provided data and do not include any assumptions or ranges outside of what is shown in the data.

### Part 2: Fault Detection Based on Inferred Rules

Applying the inferred rules to the fault detection input data:

battery's current is zero and battery's voltage is zero and rotation speed of electric motor is five and mode of h-bridge is zero

1. **Battery Current:** Expected value is zero, which matches the provided data.
2. **Battery Voltage:** Expected value is fourteen, but the actual value is zero. This deviation from the expected normal behavior indicates a fault.
3. **Motor Speed:** Expected value is zero, but the actual value is five. This deviation from the expected normal behavior indicates a fault.
4. **H-Bridge Mode:** Expected value is five, but the actual value is zero. This deviation from the expected normal behavior indicates a fault.

### Fault Report

- **Fault Detected:** yes
- **Affected Components:** Battery, Motor, H-Bridge
- **Fault Types:**
  - **Battery:** Empty
  - **Motor:** Short (due to high speed with no voltage drop)
  - **H-Bridge:** F3 (Always stops the motor, indicated by Mode = 0)
- **Explanation:** The battery's voltage is zero, indicating it is empty. The motor is running at a non-zero speed despite no voltage being provided, suggesting a short circuit. The H-Bridge mode indicates that it always stops the motor, which matches its expected behavior for F3 but contradicts normal operation where Mode = 5.

2024-09-04 12:27:02,971 HTTP Request: POST http://qdrant.ist.tugraz.at:6333/collections/powertrain/points/search "HTTP/1.1 200 OK"
2024-09-04 12:27:02,983 Evaluating Line 150039 with measurement: battery's current is zero and battery's voltage is zero and rotation speed of electric motor is five and mode of h-bridge is zero

2024-09-04 12:27:02,983 Using context: time is zero and battery's current is zero and battery's voltage is fourteen and rotation speed of electric motor is zero and mode of h-bridge is five
time is zero and battery's current is zero and battery's voltage is fourteen and rotation speed of electric motor is zero and mode of h-bridge is five
time is zero and battery's current is zero and battery's voltage is fourteen and rotation speed of electric motor is zero and mode of h-bridge is five
time is zero and battery's current is zero and battery's voltage is fourteen and rotation speed of electric motor is zero and mode of h-bridge is five
time is zero and battery's current is zero and battery's voltage is fourteen and rotation speed of electric motor is zero and mode of h-bridge is five
time is zero and battery's current is zero and battery's voltage is fourteen and rotation speed of electric motor is zero and mode of h-bridge is five
time is zero and battery's current is zero and battery's voltage is fourteen and rotation speed of electric motor is zero and mode of h-bridge is five
time is zero and battery's current is zero and battery's voltage is fourteen and rotation speed of electric motor is zero and mode of h-bridge is five
time is zero and battery's current is zero and battery's voltage is fourteen and rotation speed of electric motor is zero and mode of h-bridge is five
time is zero and battery's current is zero and battery's voltage is fourteen and rotation speed of electric motor is zero and mode of h-bridge is five


2024-09-04 12:27:15,008 Answer for Line 150039: ### Part 1: Infer Rules from Normal Behavior

Based on the provided time series data representing normal operation behavior, we can infer the following rules:

- **Battery Current:** Expected value is zero.
- **Battery Voltage:** Expected value is fourteen.
- **Motor Speed:** Expected value is zero.
- **H-Bridge Mode:** Expected value is five.

These rules are inferred strictly from the provided data and do not include any assumptions or ranges outside of what is shown in the data.

### Part 2: Fault Detection Based on Inferred Rules

Applying the inferred rules to the fault detection input data:

battery's current is zero and battery's voltage is zero and rotation speed of electric motor is five and mode of h-bridge is zero

1. **Battery Current:** Expected value is zero, which matches the provided data.
2. **Battery Voltage:** Expected value is fourteen, but the actual value is zero. This deviation from the expected normal behavior indicates a fault.
3. **Motor Speed:** Expected value is zero, but the actual value is five. This deviation from the expected normal behavior indicates a fault.
4. **H-Bridge Mode:** Expected value is five, but the actual value is zero. This deviation from the expected normal behavior indicates a fault.

### Fault Report

- **Fault Detected:** yes
- **Affected Components:** Battery, Motor, H-Bridge
- **Fault Types:**
  - **Battery:** Empty
  - **Motor:** Short (due to high speed with no voltage drop)
  - **H-Bridge:** F3 (Always stops the motor, indicated by Mode = 0)
- **Explanation:** The battery's voltage is zero, indicating it is empty. The motor is running at a non-zero speed despite no voltage being provided, suggesting a short circuit. The H-Bridge mode indicates that it always stops the motor, which matches its expected behavior for F3 but contradicts normal operation where Mode = 5.

