2024-09-05 11:10:43,073 HTTP Request: POST http://qdrant.ist.tugraz.at:6333/collections/powertrain/points/search "HTTP/1.1 200 OK"
2024-09-05 11:10:43,077 Evaluating Line 150025 with measurement: battery's current is zero and battery's voltage is fourteen and rotation speed of electric motor is five and mode of h-bridge is zero

2024-09-05 11:10:43,077 Using context: time is zero and battery's current is zero and battery's voltage is fourteen and rotation speed of electric motor is zero and mode of h-bridge is five
time is zero and battery's current is zero and battery's voltage is fourteen and rotation speed of electric motor is zero and mode of h-bridge is five
time is zero and battery's current is zero and battery's voltage is fourteen and rotation speed of electric motor is zero and mode of h-bridge is five
time is zero and battery's current is zero and battery's voltage is fourteen and rotation speed of electric motor is zero and mode of h-bridge is five
time is zero and battery's current is zero and battery's voltage is fourteen and rotation speed of electric motor is zero and mode of h-bridge is five
time is zero and battery's current is zero and battery's voltage is fourteen and rotation speed of electric motor is zero and mode of h-bridge is five
time is zero and battery's current is zero and battery's voltage is fourteen and rotation speed of electric motor is zero and mode of h-bridge is five
time is zero and battery's current is zero and battery's voltage is fourteen and rotation speed of electric motor is zero and mode of h-bridge is five
time is zero and battery's current is zero and battery's voltage is fourteen and rotation speed of electric motor is zero and mode of h-bridge is five
time is zero and battery's current is zero and battery's voltage is fourteen and rotation speed of electric motor is zero and mode of h-bridge is five


2024-09-05 11:10:51,291 Answer for Line 150025: Based on the provided time series data and test data, I will infer the overall behavior of the battery as either "OK" or "Empty."

# Part 1: Infer Rules from Normal Battery Behavior

From the input data, we can observe that:

- The battery's voltage remains stable at 14 throughout all readings.
- The current is consistently zero, indicating no charge or discharge activity.
- The rotation speed of the electric motor and mode of H-bridge do not affect the battery's behavior.

Based on these observations, I infer that the overall behavior of the battery is "OK" since it provides a stable voltage and does not indicate any signs of being empty (i.e., providing no voltage).

# Part 2: Battery Fault Detection Based on Inferred Rules

Now, let's apply the inferred rules to the test data:

- The battery's current is zero, which aligns with our observation in the normal behavior data.
- The battery's voltage remains at 14, indicating that it still provides a stable voltage.

Based solely on these observations and the inferred rule from Part 1, I conclude that the battery is "OK" since it continues to provide a stable voltage without any signs of being empty.

# Output:

component,fault,reason
battery,OK,Battery provides a stable voltage and does not indicate any signs of being empty.

2024-09-05 11:10:51,360 HTTP Request: POST http://qdrant.ist.tugraz.at:6333/collections/powertrain/points/search "HTTP/1.1 200 OK"
2024-09-05 11:10:51,361 Evaluating Line 150026 with measurement: battery's current is zero and battery's voltage is fourteen and rotation speed of electric motor is five and mode of h-bridge is zero

2024-09-05 11:10:51,361 Using context: time is zero and battery's current is zero and battery's voltage is fourteen and rotation speed of electric motor is zero and mode of h-bridge is five
time is zero and battery's current is zero and battery's voltage is fourteen and rotation speed of electric motor is zero and mode of h-bridge is five
time is zero and battery's current is zero and battery's voltage is fourteen and rotation speed of electric motor is zero and mode of h-bridge is five
time is zero and battery's current is zero and battery's voltage is fourteen and rotation speed of electric motor is zero and mode of h-bridge is five
time is zero and battery's current is zero and battery's voltage is fourteen and rotation speed of electric motor is zero and mode of h-bridge is five
time is zero and battery's current is zero and battery's voltage is fourteen and rotation speed of electric motor is zero and mode of h-bridge is five
time is zero and battery's current is zero and battery's voltage is fourteen and rotation speed of electric motor is zero and mode of h-bridge is five
time is zero and battery's current is zero and battery's voltage is fourteen and rotation speed of electric motor is zero and mode of h-bridge is five
time is zero and battery's current is zero and battery's voltage is fourteen and rotation speed of electric motor is zero and mode of h-bridge is five
time is zero and battery's current is zero and battery's voltage is fourteen and rotation speed of electric motor is zero and mode of h-bridge is five


2024-09-05 11:10:59,308 Answer for Line 150026: Based on the provided time series data and test data, I will infer the overall behavior of the battery as either "OK" or "Empty."

# Part 1: Infer Rules from Normal Battery Behavior

From the input data, we can observe that:

- The battery's voltage remains stable at 14 throughout all readings.
- The current is consistently zero, indicating no charge or discharge activity.
- The rotation speed of the electric motor and mode of H-bridge do not affect the battery status.

Based on these observations, I infer that the overall behavior of the battery is "OK" since it provides a stable voltage and there's no indication of any fault.

# Part 2: Battery Fault Detection Based on Inferred Rules

Now, let's apply the inferred rules to the test data:

- The battery's current is zero, which aligns with our observation in the normal behavior.
- The battery's voltage remains at 14, indicating that it still provides a stable output.

Based solely on these observations and the inferred rule from Part 1, I conclude that the battery status is "OK" because there are no signs of an empty or faulty state (i.e., providing no voltage).

# Output:

component,fault,reason
battery,OK,Battery voltage remains stable at 14 with zero current.

2024-09-05 11:10:59,374 HTTP Request: POST http://qdrant.ist.tugraz.at:6333/collections/powertrain/points/search "HTTP/1.1 200 OK"
2024-09-05 11:10:59,375 Evaluating Line 150027 with measurement: battery's current is zero and battery's voltage is fourteen and rotation speed of electric motor is five and mode of h-bridge is zero

2024-09-05 11:10:59,375 Using context: time is zero and battery's current is zero and battery's voltage is fourteen and rotation speed of electric motor is zero and mode of h-bridge is five
time is zero and battery's current is zero and battery's voltage is fourteen and rotation speed of electric motor is zero and mode of h-bridge is five
time is zero and battery's current is zero and battery's voltage is fourteen and rotation speed of electric motor is zero and mode of h-bridge is five
time is zero and battery's current is zero and battery's voltage is fourteen and rotation speed of electric motor is zero and mode of h-bridge is five
time is zero and battery's current is zero and battery's voltage is fourteen and rotation speed of electric motor is zero and mode of h-bridge is five
time is zero and battery's current is zero and battery's voltage is fourteen and rotation speed of electric motor is zero and mode of h-bridge is five
time is zero and battery's current is zero and battery's voltage is fourteen and rotation speed of electric motor is zero and mode of h-bridge is five
time is zero and battery's current is zero and battery's voltage is fourteen and rotation speed of electric motor is zero and mode of h-bridge is five
time is zero and battery's current is zero and battery's voltage is fourteen and rotation speed of electric motor is zero and mode of h-bridge is five
time is zero and battery's current is zero and battery's voltage is fourteen and rotation speed of electric motor is zero and mode of h-bridge is five


2024-09-05 11:11:07,299 Answer for Line 150027: Based on the provided time series data and test data, I will infer the overall behavior of the battery as either "OK" or "Empty."

# Part 1: Infer Rules from Normal Battery Behavior

From the input data, we can observe that:

- The battery's voltage remains stable at 14 throughout all readings.
- The current is consistently zero, indicating no charge or discharge activity.
- The rotation speed of the electric motor and mode of H-bridge do not affect the battery status.

Based on these observations, I infer that the overall behavior of the battery is "OK" since it provides a stable voltage and there's no indication of any fault.

# Part 2: Battery Fault Detection Based on Inferred Rules

Now, let's apply the inferred rules to the test data:

- The battery's current is zero, which aligns with our observation in the normal behavior.
- The battery's voltage remains at 14, indicating that it still provides a stable output.

Based solely on these observations and the inferred rule from Part 1, I conclude that the battery status is "OK" because there are no signs of an empty or faulty state (i.e., providing no voltage).

# Output:

component,fault,reason
battery,OK,Battery voltage remains stable at 14 with zero current.

2024-09-05 11:11:07,391 HTTP Request: POST http://qdrant.ist.tugraz.at:6333/collections/powertrain/points/search "HTTP/1.1 200 OK"
2024-09-05 11:11:07,392 Evaluating Line 150028 with measurement: battery's current is zero and battery's voltage is fourteen and rotation speed of electric motor is five and mode of h-bridge is zero

2024-09-05 11:11:07,392 Using context: time is zero and battery's current is zero and battery's voltage is fourteen and rotation speed of electric motor is zero and mode of h-bridge is five
time is zero and battery's current is zero and battery's voltage is fourteen and rotation speed of electric motor is zero and mode of h-bridge is five
time is zero and battery's current is zero and battery's voltage is fourteen and rotation speed of electric motor is zero and mode of h-bridge is five
time is zero and battery's current is zero and battery's voltage is fourteen and rotation speed of electric motor is zero and mode of h-bridge is five
time is zero and battery's current is zero and battery's voltage is fourteen and rotation speed of electric motor is zero and mode of h-bridge is five
time is zero and battery's current is zero and battery's voltage is fourteen and rotation speed of electric motor is zero and mode of h-bridge is five
time is zero and battery's current is zero and battery's voltage is fourteen and rotation speed of electric motor is zero and mode of h-bridge is five
time is zero and battery's current is zero and battery's voltage is fourteen and rotation speed of electric motor is zero and mode of h-bridge is five
time is zero and battery's current is zero and battery's voltage is fourteen and rotation speed of electric motor is zero and mode of h-bridge is five
time is zero and battery's current is zero and battery's voltage is fourteen and rotation speed of electric motor is zero and mode of h-bridge is five


2024-09-05 11:11:15,332 Answer for Line 150028: Based on the provided time series data and test data, I will infer the overall behavior of the battery as either "OK" or "Empty."

# Part 1: Infer Rules from Normal Battery Behavior

From the input data, we can observe that:

- The battery's voltage remains stable at 14 throughout all readings.
- The current is consistently zero, indicating no charge or discharge activity.
- The rotation speed of the electric motor and mode of H-bridge do not affect the battery status.

Based on these observations, I infer that the overall behavior of the battery is "OK" since it provides a stable voltage and there's no indication of any fault.

# Part 2: Battery Fault Detection Based on Inferred Rules

Now, let's apply the inferred rules to the test data:

- The battery's current is zero, which aligns with our observation in the normal behavior.
- The battery's voltage remains at 14, indicating that it still provides a stable output.

Based solely on these observations and the inferred rule from Part 1, I conclude that the battery status is "OK" because there are no signs of an empty or faulty state (i.e., providing no voltage).

# Output:

component,fault,reason
battery,OK,Battery voltage remains stable at 14 with zero current.

2024-09-05 11:11:15,399 HTTP Request: POST http://qdrant.ist.tugraz.at:6333/collections/powertrain/points/search "HTTP/1.1 200 OK"
2024-09-05 11:11:15,401 Evaluating Line 150029 with measurement: battery's current is zero and battery's voltage is fourteen and rotation speed of electric motor is five and mode of h-bridge is zero

2024-09-05 11:11:15,401 Using context: time is zero and battery's current is zero and battery's voltage is fourteen and rotation speed of electric motor is zero and mode of h-bridge is five
time is zero and battery's current is zero and battery's voltage is fourteen and rotation speed of electric motor is zero and mode of h-bridge is five
time is zero and battery's current is zero and battery's voltage is fourteen and rotation speed of electric motor is zero and mode of h-bridge is five
time is zero and battery's current is zero and battery's voltage is fourteen and rotation speed of electric motor is zero and mode of h-bridge is five
time is zero and battery's current is zero and battery's voltage is fourteen and rotation speed of electric motor is zero and mode of h-bridge is five
time is zero and battery's current is zero and battery's voltage is fourteen and rotation speed of electric motor is zero and mode of h-bridge is five
time is zero and battery's current is zero and battery's voltage is fourteen and rotation speed of electric motor is zero and mode of h-bridge is five
time is zero and battery's current is zero and battery's voltage is fourteen and rotation speed of electric motor is zero and mode of h-bridge is five
time is zero and battery's current is zero and battery's voltage is fourteen and rotation speed of electric motor is zero and mode of h-bridge is five
time is zero and battery's current is zero and battery's voltage is fourteen and rotation speed of electric motor is zero and mode of h-bridge is five


2024-09-05 11:11:23,343 Answer for Line 150029: Based on the provided time series data and test data, I will infer the overall behavior of the battery as either "OK" or "Empty."

# Part 1: Infer Rules from Normal Battery Behavior

From the input data, we can observe that:

- The battery's voltage remains stable at 14 throughout all readings.
- The current is consistently zero, indicating no charge or discharge activity.
- The rotation speed of the electric motor and mode of H-bridge do not affect the battery status.

Based on these observations, I infer that the overall behavior of the battery is "OK" since it provides a stable voltage and there's no indication of any fault.

# Part 2: Battery Fault Detection Based on Inferred Rules

Now, let's apply the inferred rules to the test data:

- The battery's current is zero, which aligns with our observation in the normal behavior.
- The battery's voltage remains at 14, indicating that it still provides a stable output.

Based solely on these observations and the inferred rule from Part 1, I conclude that the battery status is "OK" because there are no signs of an empty or faulty state (i.e., providing no voltage).

# Output:

component,fault,reason
battery,OK,Battery voltage remains stable at 14 with zero current.

2024-09-05 11:11:23,410 HTTP Request: POST http://qdrant.ist.tugraz.at:6333/collections/powertrain/points/search "HTTP/1.1 200 OK"
2024-09-05 11:11:23,412 Evaluating Line 150030 with measurement: battery's current is zero and battery's voltage is zero and rotation speed of electric motor is five and mode of h-bridge is zero

2024-09-05 11:11:23,412 Using context: time is zero and battery's current is zero and battery's voltage is fourteen and rotation speed of electric motor is zero and mode of h-bridge is five
time is zero and battery's current is zero and battery's voltage is fourteen and rotation speed of electric motor is zero and mode of h-bridge is five
time is zero and battery's current is zero and battery's voltage is fourteen and rotation speed of electric motor is zero and mode of h-bridge is five
time is zero and battery's current is zero and battery's voltage is fourteen and rotation speed of electric motor is zero and mode of h-bridge is five
time is zero and battery's current is zero and battery's voltage is fourteen and rotation speed of electric motor is zero and mode of h-bridge is five
time is zero and battery's current is zero and battery's voltage is fourteen and rotation speed of electric motor is zero and mode of h-bridge is five
time is zero and battery's current is zero and battery's voltage is fourteen and rotation speed of electric motor is zero and mode of h-bridge is five
time is zero and battery's current is zero and battery's voltage is fourteen and rotation speed of electric motor is zero and mode of h-bridge is five
time is zero and battery's current is zero and battery's voltage is fourteen and rotation speed of electric motor is zero and mode of h-bridge is five
time is zero and battery's current is zero and battery's voltage is fourteen and rotation speed of electric motor is zero and mode of h-bridge is five


2024-09-05 11:11:29,724 Answer for Line 150030: Based on the provided time series data and test data, I will infer the overall behavior of the battery as either "OK" or "Empty."

# Part 1: Infer Rules from Normal Battery Behavior

From the input data, we can observe that:

- The battery's voltage remains stable at 14 throughout all readings.
- The current is consistently zero.

Based on these observations, I infer that the battery is functioning as expected. Therefore, the inferred rule is:

Battery: OK (the battery voltage remains stable)

# Part 2: Battery Fault Detection Based on Inferred Rules

Now, let's apply this inferred rule to the test data:

battery's current is zero and battery's voltage is zero and rotation speed of electric motor is five and mode of h-bridge is zero

Since the battery's voltage is zero, which matches one of the conditions for an "Empty" battery (Battery Voltage = 0), I will report the fault as follows:

component,fault,reason
battery,Empty,Battery provides no voltage.

2024-09-05 11:11:29,789 HTTP Request: POST http://qdrant.ist.tugraz.at:6333/collections/powertrain/points/search "HTTP/1.1 200 OK"
2024-09-05 11:11:29,790 Evaluating Line 150031 with measurement: battery's current is zero and battery's voltage is zero and rotation speed of electric motor is five and mode of h-bridge is zero

2024-09-05 11:11:29,790 Using context: time is zero and battery's current is zero and battery's voltage is fourteen and rotation speed of electric motor is zero and mode of h-bridge is five
time is zero and battery's current is zero and battery's voltage is fourteen and rotation speed of electric motor is zero and mode of h-bridge is five
time is zero and battery's current is zero and battery's voltage is fourteen and rotation speed of electric motor is zero and mode of h-bridge is five
time is zero and battery's current is zero and battery's voltage is fourteen and rotation speed of electric motor is zero and mode of h-bridge is five
time is zero and battery's current is zero and battery's voltage is fourteen and rotation speed of electric motor is zero and mode of h-bridge is five
time is zero and battery's current is zero and battery's voltage is fourteen and rotation speed of electric motor is zero and mode of h-bridge is five
time is zero and battery's current is zero and battery's voltage is fourteen and rotation speed of electric motor is zero and mode of h-bridge is five
time is zero and battery's current is zero and battery's voltage is fourteen and rotation speed of electric motor is zero and mode of h-bridge is five
time is zero and battery's current is zero and battery's voltage is fourteen and rotation speed of electric motor is zero and mode of h-bridge is five
time is zero and battery's current is zero and battery's voltage is fourteen and rotation speed of electric motor is zero and mode of h-bridge is five


2024-09-05 11:11:36,425 Answer for Line 150031: Based on the provided time series data and test data, I will infer the overall behavior of the battery as either "OK" or "Empty."

# Part 1: Infer Rules from Normal Battery Behavior

From the input data, we can observe that:

- The battery's voltage remains stable at 14 throughout all readings.
- The current is consistently zero across all readings.

Based on these observations, I infer that the battery is functioning as expected. Therefore, the overall behavior of the battery is "OK."

# Part 2: Battery Fault Detection Based on Inferred Rules

Now, let's apply the inferred rules to the test data:

battery's current is zero and battery's voltage is zero and rotation speed of electric motor is five and mode of h-bridge is zero

Since the battery's voltage is zero, which matches the condition for "Empty" in the fault models (Battery Voltage = 0), I conclude that the battery provides no voltage.

Therefore, based on the inferred rules, the battery status is:

component,fault,reason
battery,Empty,Battery Voltage = 0

2024-09-05 11:11:36,493 HTTP Request: POST http://qdrant.ist.tugraz.at:6333/collections/powertrain/points/search "HTTP/1.1 200 OK"
2024-09-05 11:11:36,494 Evaluating Line 150032 with measurement: battery's current is zero and battery's voltage is zero and rotation speed of electric motor is five and mode of h-bridge is zero

2024-09-05 11:11:36,494 Using context: time is zero and battery's current is zero and battery's voltage is fourteen and rotation speed of electric motor is zero and mode of h-bridge is five
time is zero and battery's current is zero and battery's voltage is fourteen and rotation speed of electric motor is zero and mode of h-bridge is five
time is zero and battery's current is zero and battery's voltage is fourteen and rotation speed of electric motor is zero and mode of h-bridge is five
time is zero and battery's current is zero and battery's voltage is fourteen and rotation speed of electric motor is zero and mode of h-bridge is five
time is zero and battery's current is zero and battery's voltage is fourteen and rotation speed of electric motor is zero and mode of h-bridge is five
time is zero and battery's current is zero and battery's voltage is fourteen and rotation speed of electric motor is zero and mode of h-bridge is five
time is zero and battery's current is zero and battery's voltage is fourteen and rotation speed of electric motor is zero and mode of h-bridge is five
time is zero and battery's current is zero and battery's voltage is fourteen and rotation speed of electric motor is zero and mode of h-bridge is five
time is zero and battery's current is zero and battery's voltage is fourteen and rotation speed of electric motor is zero and mode of h-bridge is five
time is zero and battery's current is zero and battery's voltage is fourteen and rotation speed of electric motor is zero and mode of h-bridge is five


2024-09-05 11:11:43,154 Answer for Line 150032: Based on the provided time series data and test data, I will infer the overall behavior of the battery as either "OK" or "Empty."

# Part 1: Infer Rules from Normal Battery Behavior

From the input data, we can observe that:

- The battery's voltage remains stable at 14 throughout all readings.
- The current is consistently zero across all readings.

Based on these observations, I infer that the battery is functioning as expected. Therefore, the overall behavior of the battery is "OK."

# Part 2: Battery Fault Detection Based on Inferred Rules

Now, let's apply the inferred rules to the test data:

battery's current is zero and battery's voltage is zero and rotation speed of electric motor is five and mode of h-bridge is zero

Since the battery's voltage is zero, which matches the condition for "Empty" in the fault models (Battery Voltage = 0), I conclude that the battery provides no voltage.

Therefore, based on the inferred rules, the battery status is:

component,fault,reason
battery,Empty,Battery Voltage = 0

2024-09-05 11:11:43,221 HTTP Request: POST http://qdrant.ist.tugraz.at:6333/collections/powertrain/points/search "HTTP/1.1 200 OK"
2024-09-05 11:11:43,222 Evaluating Line 150033 with measurement: battery's current is zero and battery's voltage is zero and rotation speed of electric motor is five and mode of h-bridge is zero

2024-09-05 11:11:43,222 Using context: time is zero and battery's current is zero and battery's voltage is fourteen and rotation speed of electric motor is zero and mode of h-bridge is five
time is zero and battery's current is zero and battery's voltage is fourteen and rotation speed of electric motor is zero and mode of h-bridge is five
time is zero and battery's current is zero and battery's voltage is fourteen and rotation speed of electric motor is zero and mode of h-bridge is five
time is zero and battery's current is zero and battery's voltage is fourteen and rotation speed of electric motor is zero and mode of h-bridge is five
time is zero and battery's current is zero and battery's voltage is fourteen and rotation speed of electric motor is zero and mode of h-bridge is five
time is zero and battery's current is zero and battery's voltage is fourteen and rotation speed of electric motor is zero and mode of h-bridge is five
time is zero and battery's current is zero and battery's voltage is fourteen and rotation speed of electric motor is zero and mode of h-bridge is five
time is zero and battery's current is zero and battery's voltage is fourteen and rotation speed of electric motor is zero and mode of h-bridge is five
time is zero and battery's current is zero and battery's voltage is fourteen and rotation speed of electric motor is zero and mode of h-bridge is five
time is zero and battery's current is zero and battery's voltage is fourteen and rotation speed of electric motor is zero and mode of h-bridge is five


2024-09-05 11:11:49,872 Answer for Line 150033: Based on the provided time series data and test data, I will infer the overall behavior of the battery as either "OK" or "Empty."

# Part 1: Infer Rules from Normal Battery Behavior

From the input data, we can observe that:

- The battery's voltage remains stable at 14 throughout all readings.
- The current is consistently zero across all readings.

Based on these observations, I infer that the battery is functioning as expected. Therefore, the overall behavior of the battery is "OK."

# Part 2: Battery Fault Detection Based on Inferred Rules

Now, let's apply the inferred rules to the test data:

battery's current is zero and battery's voltage is zero and rotation speed of electric motor is five and mode of h-bridge is zero

Since the battery's voltage is zero, which matches the condition for "Empty" in the fault models (Battery Voltage = 0), I conclude that the battery provides no voltage.

Therefore, based on the inferred rules, the battery status is:

component,fault,reason
battery,Empty,Battery Voltage = 0

2024-09-05 11:11:49,933 HTTP Request: POST http://qdrant.ist.tugraz.at:6333/collections/powertrain/points/search "HTTP/1.1 200 OK"
2024-09-05 11:11:49,934 Evaluating Line 150034 with measurement: battery's current is zero and battery's voltage is zero and rotation speed of electric motor is five and mode of h-bridge is zero

2024-09-05 11:11:49,934 Using context: time is zero and battery's current is zero and battery's voltage is fourteen and rotation speed of electric motor is zero and mode of h-bridge is five
time is zero and battery's current is zero and battery's voltage is fourteen and rotation speed of electric motor is zero and mode of h-bridge is five
time is zero and battery's current is zero and battery's voltage is fourteen and rotation speed of electric motor is zero and mode of h-bridge is five
time is zero and battery's current is zero and battery's voltage is fourteen and rotation speed of electric motor is zero and mode of h-bridge is five
time is zero and battery's current is zero and battery's voltage is fourteen and rotation speed of electric motor is zero and mode of h-bridge is five
time is zero and battery's current is zero and battery's voltage is fourteen and rotation speed of electric motor is zero and mode of h-bridge is five
time is zero and battery's current is zero and battery's voltage is fourteen and rotation speed of electric motor is zero and mode of h-bridge is five
time is zero and battery's current is zero and battery's voltage is fourteen and rotation speed of electric motor is zero and mode of h-bridge is five
time is zero and battery's current is zero and battery's voltage is fourteen and rotation speed of electric motor is zero and mode of h-bridge is five
time is zero and battery's current is zero and battery's voltage is fourteen and rotation speed of electric motor is zero and mode of h-bridge is five


2024-09-05 11:11:56,582 Answer for Line 150034: Based on the provided time series data and test data, I will infer the overall behavior of the battery as either "OK" or "Empty."

# Part 1: Infer Rules from Normal Battery Behavior

From the input data, we can observe that:

- The battery's voltage remains stable at 14 throughout all readings.
- The current is consistently zero across all readings.

Based on these observations, I infer that the battery is functioning as expected. Therefore, the overall behavior of the battery is "OK."

# Part 2: Battery Fault Detection Based on Inferred Rules

Now, let's apply the inferred rules to the test data:

battery's current is zero and battery's voltage is zero and rotation speed of electric motor is five and mode of h-bridge is zero

Since the battery's voltage is zero, which matches the condition for "Empty" in the fault models (Battery Voltage = 0), I conclude that the battery provides no voltage.

Therefore, based on the inferred rules, the battery status is:

component,fault,reason
battery,Empty,Battery Voltage = 0

